{"C:\\dev\\node\\test\\dist\\MyUtils.js": {"path":"C:\\dev\\node\\test\\dist\\MyUtils.js","statementMap":{"0":{"start":{"line":2,"column":0},"end":{"line":2,"column":62}},"1":{"start":{"line":8,"column":8},"end":{"line":8,"column":52}},"2":{"start":{"line":13,"column":23},"end":{"line":19,"column":9}},"3":{"start":{"line":14,"column":12},"end":{"line":14,"column":38}},"4":{"start":{"line":15,"column":12},"end":{"line":17,"column":13}},"5":{"start":{"line":16,"column":16},"end":{"line":16,"column":38}},"6":{"start":{"line":18,"column":12},"end":{"line":18,"column":54}},"7":{"start":{"line":18,"column":33},"end":{"line":18,"column":53}},"8":{"start":{"line":20,"column":8},"end":{"line":23,"column":10}},"9":{"start":{"line":21,"column":12},"end":{"line":21,"column":25}},"10":{"start":{"line":22,"column":12},"end":{"line":22,"column":39}},"11":{"start":{"line":26,"column":0},"end":{"line":26,"column":89}},"12":{"start":{"line":26,"column":26},"end":{"line":26,"column":88}},"13":{"start":{"line":26,"column":78},"end":{"line":26,"column":87}},"14":{"start":{"line":27,"column":0},"end":{"line":29,"column":2}},"15":{"start":{"line":28,"column":4},"end":{"line":28,"column":91}},"16":{"start":{"line":28,"column":47},"end":{"line":28,"column":59}},"17":{"start":{"line":30,"column":0},"end":{"line":30,"column":26}},"18":{"start":{"line":31,"column":0},"end":{"line":31,"column":36}},"19":{"start":{"line":32,"column":0},"end":{"line":32,"column":14}},"20":{"start":{"line":33,"column":0},"end":{"line":53,"column":2}},"21":{"start":{"line":34,"column":15},"end":{"line":34,"column":41}},"22":{"start":{"line":35,"column":16},"end":{"line":35,"column":33}},"23":{"start":{"line":36,"column":16},"end":{"line":45,"column":5}},"24":{"start":{"line":37,"column":8},"end":{"line":44,"column":10}},"25":{"start":{"line":38,"column":24},"end":{"line":38,"column":34}},"26":{"start":{"line":39,"column":24},"end":{"line":40,"column":96}},"27":{"start":{"line":40,"column":73},"end":{"line":40,"column":84}},"28":{"start":{"line":42,"column":12},"end":{"line":42,"column":40}},"29":{"start":{"line":43,"column":12},"end":{"line":43,"column":23}},"30":{"start":{"line":46,"column":4},"end":{"line":46,"column":46}},"31":{"start":{"line":46,"column":28},"end":{"line":46,"column":44}},"32":{"start":{"line":47,"column":4},"end":{"line":52,"column":6}},"33":{"start":{"line":54,"column":0},"end":{"line":64,"column":2}},"34":{"start":{"line":55,"column":4},"end":{"line":63,"column":5}},"35":{"start":{"line":56,"column":8},"end":{"line":59,"column":15}},"36":{"start":{"line":57,"column":32},"end":{"line":57,"column":50}},"37":{"start":{"line":58,"column":12},"end":{"line":58,"column":128}},"38":{"start":{"line":62,"column":8},"end":{"line":62,"column":18}},"39":{"start":{"line":65,"column":0},"end":{"line":70,"column":2}},"40":{"start":{"line":66,"column":4},"end":{"line":68,"column":5}},"41":{"start":{"line":67,"column":8},"end":{"line":67,"column":20}},"42":{"start":{"line":69,"column":4},"end":{"line":69,"column":63}},"43":{"start":{"line":71,"column":0},"end":{"line":71,"column":60}},"44":{"start":{"line":71,"column":28},"end":{"line":71,"column":59}},"45":{"start":{"line":72,"column":0},"end":{"line":89,"column":2}},"46":{"start":{"line":73,"column":4},"end":{"line":88,"column":6}},"47":{"start":{"line":74,"column":36},"end":{"line":82,"column":9}},"48":{"start":{"line":75,"column":12},"end":{"line":77,"column":13}},"49":{"start":{"line":76,"column":16},"end":{"line":76,"column":28}},"50":{"start":{"line":78,"column":12},"end":{"line":80,"column":13}},"51":{"start":{"line":79,"column":16},"end":{"line":79,"column":37}},"52":{"start":{"line":81,"column":12},"end":{"line":81,"column":73}},"53":{"start":{"line":83,"column":22},"end":{"line":83,"column":44}},"54":{"start":{"line":84,"column":27},"end":{"line":84,"column":45}},"55":{"start":{"line":85,"column":23},"end":{"line":85,"column":41}},"56":{"start":{"line":86,"column":8},"end":{"line":86,"column":63}},"57":{"start":{"line":87,"column":8},"end":{"line":87,"column":21}},"58":{"start":{"line":94,"column":0},"end":{"line":94,"column":61}},"59":{"start":{"line":94,"column":35},"end":{"line":94,"column":60}},"60":{"start":{"line":96,"column":0},"end":{"line":100,"column":2}},"61":{"start":{"line":97,"column":4},"end":{"line":99,"column":18}},"62":{"start":{"line":98,"column":46},"end":{"line":98,"column":79}},"63":{"start":{"line":101,"column":0},"end":{"line":103,"column":2}},"64":{"start":{"line":102,"column":4},"end":{"line":102,"column":89}},"65":{"start":{"line":104,"column":0},"end":{"line":119,"column":2}},"66":{"start":{"line":105,"column":20},"end":{"line":113,"column":5}},"67":{"start":{"line":106,"column":8},"end":{"line":111,"column":9}},"68":{"start":{"line":107,"column":12},"end":{"line":107,"column":24}},"69":{"start":{"line":109,"column":13},"end":{"line":111,"column":9}},"70":{"start":{"line":110,"column":12},"end":{"line":110,"column":42}},"71":{"start":{"line":112,"column":8},"end":{"line":112,"column":36}},"72":{"start":{"line":114,"column":4},"end":{"line":118,"column":6}},"73":{"start":{"line":115,"column":22},"end":{"line":115,"column":81}},"74":{"start":{"line":115,"column":54},"end":{"line":115,"column":80}},"75":{"start":{"line":117,"column":8},"end":{"line":117,"column":24}},"76":{"start":{"line":123,"column":0},"end":{"line":123,"column":82}},"77":{"start":{"line":123,"column":31},"end":{"line":123,"column":81}},"78":{"start":{"line":123,"column":38},"end":{"line":123,"column":81}},"79":{"start":{"line":123,"column":64},"end":{"line":123,"column":73}},"80":{"start":{"line":124,"column":0},"end":{"line":124,"column":69}},"81":{"start":{"line":124,"column":30},"end":{"line":124,"column":68}},"82":{"start":{"line":125,"column":0},"end":{"line":125,"column":28}},"83":{"start":{"line":125,"column":26},"end":{"line":125,"column":27}},"84":{"start":{"line":126,"column":0},"end":{"line":129,"column":2}},"85":{"start":{"line":126,"column":21},"end":{"line":129,"column":1}},"86":{"start":{"line":127,"column":4},"end":{"line":127,"column":9}},"87":{"start":{"line":128,"column":4},"end":{"line":128,"column":13}},"88":{"start":{"line":130,"column":0},"end":{"line":139,"column":2}},"89":{"start":{"line":130,"column":26},"end":{"line":139,"column":1}},"90":{"start":{"line":131,"column":4},"end":{"line":133,"column":5}},"91":{"start":{"line":132,"column":8},"end":{"line":132,"column":20}},"92":{"start":{"line":135,"column":4},"end":{"line":135,"column":56}},"93":{"start":{"line":140,"column":0},"end":{"line":140,"column":59}},"94":{"start":{"line":140,"column":33},"end":{"line":140,"column":58}},"95":{"start":{"line":140,"column":40},"end":{"line":140,"column":58}},"96":{"start":{"line":141,"column":0},"end":{"line":144,"column":2}},"97":{"start":{"line":141,"column":30},"end":{"line":144,"column":1}},"98":{"start":{"line":142,"column":4},"end":{"line":142,"column":43}},"99":{"start":{"line":142,"column":37},"end":{"line":142,"column":41}},"100":{"start":{"line":143,"column":4},"end":{"line":143,"column":13}},"101":{"start":{"line":150,"column":0},"end":{"line":150,"column":32}},"102":{"start":{"line":150,"column":20},"end":{"line":150,"column":31}},"103":{"start":{"line":151,"column":0},"end":{"line":151,"column":36}},"104":{"start":{"line":151,"column":22},"end":{"line":151,"column":35}},"105":{"start":{"line":152,"column":0},"end":{"line":152,"column":89}},"106":{"start":{"line":152,"column":28},"end":{"line":152,"column":88}},"107":{"start":{"line":153,"column":0},"end":{"line":153,"column":32}},"108":{"start":{"line":153,"column":18},"end":{"line":153,"column":31}},"109":{"start":{"line":154,"column":0},"end":{"line":154,"column":22}},"110":{"start":{"line":157,"column":8},"end":{"line":157,"column":16}},"111":{"start":{"line":158,"column":8},"end":{"line":158,"column":31}},"112":{"start":{"line":159,"column":8},"end":{"line":159,"column":60}},"113":{"start":{"line":159,"column":26},"end":{"line":159,"column":59}},"114":{"start":{"line":160,"column":8},"end":{"line":160,"column":43}},"115":{"start":{"line":160,"column":32},"end":{"line":160,"column":42}},"116":{"start":{"line":161,"column":8},"end":{"line":161,"column":83}},"117":{"start":{"line":161,"column":29},"end":{"line":161,"column":82}},"118":{"start":{"line":162,"column":8},"end":{"line":162,"column":42}},"119":{"start":{"line":162,"column":28},"end":{"line":162,"column":41}},"120":{"start":{"line":165,"column":8},"end":{"line":165,"column":28}},"121":{"start":{"line":170,"column":8},"end":{"line":170,"column":28}},"122":{"start":{"line":171,"column":8},"end":{"line":171,"column":31}},"123":{"start":{"line":171,"column":26},"end":{"line":171,"column":30}},"124":{"start":{"line":172,"column":8},"end":{"line":172,"column":42}},"125":{"start":{"line":172,"column":36},"end":{"line":172,"column":41}},"126":{"start":{"line":173,"column":8},"end":{"line":173,"column":34}},"127":{"start":{"line":173,"column":29},"end":{"line":173,"column":33}},"128":{"start":{"line":174,"column":8},"end":{"line":174,"column":33}},"129":{"start":{"line":174,"column":28},"end":{"line":174,"column":32}},"130":{"start":{"line":177,"column":8},"end":{"line":177,"column":69}},"131":{"start":{"line":180,"column":0},"end":{"line":180,"column":66}},"132":{"start":{"line":180,"column":22},"end":{"line":180,"column":65}},"133":{"start":{"line":180,"column":33},"end":{"line":180,"column":65}},"134":{"start":{"line":181,"column":0},"end":{"line":181,"column":53}},"135":{"start":{"line":181,"column":21},"end":{"line":181,"column":52}},"136":{"start":{"line":181,"column":36},"end":{"line":181,"column":52}},"137":{"start":{"line":182,"column":0},"end":{"line":182,"column":57}},"138":{"start":{"line":182,"column":23},"end":{"line":182,"column":56}},"139":{"start":{"line":182,"column":38},"end":{"line":182,"column":56}},"140":{"start":{"line":183,"column":0},"end":{"line":183,"column":59}},"141":{"start":{"line":183,"column":24},"end":{"line":183,"column":58}},"142":{"start":{"line":183,"column":39},"end":{"line":183,"column":58}},"143":{"start":{"line":189,"column":8},"end":{"line":189,"column":31}},"144":{"start":{"line":192,"column":8},"end":{"line":192,"column":28}},"145":{"start":{"line":195,"column":0},"end":{"line":195,"column":33}},"146":{"start":{"line":195,"column":21},"end":{"line":195,"column":32}},"147":{"start":{"line":196,"column":0},"end":{"line":196,"column":35}},"148":{"start":{"line":196,"column":22},"end":{"line":196,"column":34}},"149":{"start":{"line":197,"column":0},"end":{"line":197,"column":106}},"150":{"start":{"line":197,"column":31},"end":{"line":197,"column":105}},"151":{"start":{"line":198,"column":0},"end":{"line":198,"column":35}},"152":{"start":{"line":198,"column":19},"end":{"line":198,"column":34}},"153":{"start":{"line":199,"column":0},"end":{"line":199,"column":24}},"154":{"start":{"line":202,"column":8},"end":{"line":202,"column":28}},"155":{"start":{"line":203,"column":8},"end":{"line":203,"column":51}},"156":{"start":{"line":203,"column":26},"end":{"line":203,"column":50}},"157":{"start":{"line":204,"column":8},"end":{"line":204,"column":43}},"158":{"start":{"line":204,"column":32},"end":{"line":204,"column":42}},"159":{"start":{"line":205,"column":8},"end":{"line":205,"column":34}},"160":{"start":{"line":205,"column":29},"end":{"line":205,"column":33}},"161":{"start":{"line":206,"column":8},"end":{"line":206,"column":42}},"162":{"start":{"line":206,"column":28},"end":{"line":206,"column":41}},"163":{"start":{"line":207,"column":8},"end":{"line":207,"column":48}},"164":{"start":{"line":207,"column":37},"end":{"line":207,"column":47}},"165":{"start":{"line":208,"column":8},"end":{"line":208,"column":84}},"166":{"start":{"line":208,"column":29},"end":{"line":208,"column":83}},"167":{"start":{"line":211,"column":8},"end":{"line":211,"column":26}},"168":{"start":{"line":216,"column":8},"end":{"line":216,"column":28}},"169":{"start":{"line":217,"column":8},"end":{"line":217,"column":31}},"170":{"start":{"line":217,"column":26},"end":{"line":217,"column":30}},"171":{"start":{"line":218,"column":8},"end":{"line":218,"column":42}},"172":{"start":{"line":218,"column":36},"end":{"line":218,"column":41}},"173":{"start":{"line":219,"column":8},"end":{"line":219,"column":43}},"174":{"start":{"line":219,"column":29},"end":{"line":219,"column":42}},"175":{"start":{"line":220,"column":8},"end":{"line":220,"column":33}},"176":{"start":{"line":220,"column":28},"end":{"line":220,"column":32}},"177":{"start":{"line":221,"column":8},"end":{"line":221,"column":61}},"178":{"start":{"line":221,"column":39},"end":{"line":221,"column":58}},"179":{"start":{"line":222,"column":8},"end":{"line":222,"column":34}},"180":{"start":{"line":222,"column":29},"end":{"line":222,"column":33}},"181":{"start":{"line":225,"column":8},"end":{"line":225,"column":69}}},"fnMap":{"0":{"name":"(anonymous_0)","decl":{"start":{"line":7,"column":4},"end":{"line":7,"column":5}},"loc":{"start":{"line":7,"column":43},"end":{"line":9,"column":5}},"line":7},"1":{"name":"(anonymous_1)","decl":{"start":{"line":11,"column":4},"end":{"line":11,"column":5}},"loc":{"start":{"line":11,"column":21},"end":{"line":24,"column":5}},"line":11},"2":{"name":"(anonymous_2)","decl":{"start":{"line":13,"column":23},"end":{"line":13,"column":24}},"loc":{"start":{"line":13,"column":44},"end":{"line":19,"column":9}},"line":13},"3":{"name":"(anonymous_3)","decl":{"start":{"line":18,"column":19},"end":{"line":18,"column":20}},"loc":{"start":{"line":18,"column":33},"end":{"line":18,"column":53}},"line":18},"4":{"name":"(anonymous_4)","decl":{"start":{"line":20,"column":15},"end":{"line":20,"column":16}},"loc":{"start":{"line":20,"column":28},"end":{"line":23,"column":9}},"line":20},"5":{"name":"(anonymous_5)","decl":{"start":{"line":26,"column":10},"end":{"line":26,"column":11}},"loc":{"start":{"line":26,"column":26},"end":{"line":26,"column":88}},"line":26},"6":{"name":"(anonymous_6)","decl":{"start":{"line":26,"column":68},"end":{"line":26,"column":69}},"loc":{"start":{"line":26,"column":78},"end":{"line":26,"column":87}},"line":26},"7":{"name":"(anonymous_7)","decl":{"start":{"line":27,"column":10},"end":{"line":27,"column":11}},"loc":{"start":{"line":27,"column":38},"end":{"line":29,"column":1}},"line":27},"8":{"name":"(anonymous_8)","decl":{"start":{"line":28,"column":38},"end":{"line":28,"column":39}},"loc":{"start":{"line":28,"column":47},"end":{"line":28,"column":59}},"line":28},"9":{"name":"(anonymous_9)","decl":{"start":{"line":33,"column":17},"end":{"line":33,"column":18}},"loc":{"start":{"line":33,"column":35},"end":{"line":53,"column":1}},"line":33},"10":{"name":"(anonymous_10)","decl":{"start":{"line":36,"column":16},"end":{"line":36,"column":17}},"loc":{"start":{"line":36,"column":29},"end":{"line":45,"column":5}},"line":36},"11":{"name":"(anonymous_11)","decl":{"start":{"line":37,"column":15},"end":{"line":37,"column":16}},"loc":{"start":{"line":37,"column":33},"end":{"line":44,"column":9}},"line":37},"12":{"name":"(anonymous_12)","decl":{"start":{"line":40,"column":65},"end":{"line":40,"column":66}},"loc":{"start":{"line":40,"column":73},"end":{"line":40,"column":84}},"line":40},"13":{"name":"(anonymous_13)","decl":{"start":{"line":46,"column":23},"end":{"line":46,"column":24}},"loc":{"start":{"line":46,"column":28},"end":{"line":46,"column":44}},"line":46},"14":{"name":"(anonymous_14)","decl":{"start":{"line":54,"column":24},"end":{"line":54,"column":25}},"loc":{"start":{"line":54,"column":57},"end":{"line":64,"column":1}},"line":54},"15":{"name":"(anonymous_15)","decl":{"start":{"line":56,"column":40},"end":{"line":56,"column":41}},"loc":{"start":{"line":56,"column":55},"end":{"line":59,"column":9}},"line":56},"16":{"name":"(anonymous_16)","decl":{"start":{"line":65,"column":22},"end":{"line":65,"column":23}},"loc":{"start":{"line":65,"column":39},"end":{"line":70,"column":1}},"line":65},"17":{"name":"(anonymous_17)","decl":{"start":{"line":71,"column":19},"end":{"line":71,"column":20}},"loc":{"start":{"line":71,"column":28},"end":{"line":71,"column":59}},"line":71},"18":{"name":"(anonymous_18)","decl":{"start":{"line":72,"column":22},"end":{"line":72,"column":23}},"loc":{"start":{"line":72,"column":40},"end":{"line":89,"column":1}},"line":72},"19":{"name":"(anonymous_19)","decl":{"start":{"line":73,"column":11},"end":{"line":73,"column":12}},"loc":{"start":{"line":73,"column":21},"end":{"line":88,"column":5}},"line":73},"20":{"name":"(anonymous_20)","decl":{"start":{"line":74,"column":36},"end":{"line":74,"column":37}},"loc":{"start":{"line":74,"column":54},"end":{"line":82,"column":9}},"line":74},"21":{"name":"(anonymous_21)","decl":{"start":{"line":94,"column":15},"end":{"line":94,"column":16}},"loc":{"start":{"line":94,"column":35},"end":{"line":94,"column":60}},"line":94},"22":{"name":"(anonymous_22)","decl":{"start":{"line":96,"column":18},"end":{"line":96,"column":19}},"loc":{"start":{"line":96,"column":38},"end":{"line":100,"column":1}},"line":96},"23":{"name":"(anonymous_23)","decl":{"start":{"line":98,"column":24},"end":{"line":98,"column":25}},"loc":{"start":{"line":98,"column":46},"end":{"line":98,"column":79}},"line":98},"24":{"name":"(anonymous_24)","decl":{"start":{"line":101,"column":19},"end":{"line":101,"column":20}},"loc":{"start":{"line":101,"column":39},"end":{"line":103,"column":1}},"line":101},"25":{"name":"(anonymous_25)","decl":{"start":{"line":104,"column":16},"end":{"line":104,"column":17}},"loc":{"start":{"line":104,"column":33},"end":{"line":119,"column":1}},"line":104},"26":{"name":"(anonymous_26)","decl":{"start":{"line":105,"column":20},"end":{"line":105,"column":21}},"loc":{"start":{"line":105,"column":43},"end":{"line":113,"column":5}},"line":105},"27":{"name":"(anonymous_27)","decl":{"start":{"line":114,"column":11},"end":{"line":114,"column":12}},"loc":{"start":{"line":114,"column":22},"end":{"line":118,"column":5}},"line":114},"28":{"name":"(anonymous_28)","decl":{"start":{"line":115,"column":36},"end":{"line":115,"column":37}},"loc":{"start":{"line":115,"column":54},"end":{"line":115,"column":80}},"line":115},"29":{"name":"(anonymous_29)","decl":{"start":{"line":123,"column":15},"end":{"line":123,"column":16}},"loc":{"start":{"line":123,"column":31},"end":{"line":123,"column":81}},"line":123},"30":{"name":"(anonymous_30)","decl":{"start":{"line":123,"column":31},"end":{"line":123,"column":32}},"loc":{"start":{"line":123,"column":38},"end":{"line":123,"column":81}},"line":123},"31":{"name":"(anonymous_31)","decl":{"start":{"line":123,"column":49},"end":{"line":123,"column":50}},"loc":{"start":{"line":123,"column":64},"end":{"line":123,"column":73}},"line":123},"32":{"name":"(anonymous_32)","decl":{"start":{"line":124,"column":18},"end":{"line":124,"column":19}},"loc":{"start":{"line":124,"column":30},"end":{"line":124,"column":68}},"line":124},"33":{"name":"(anonymous_33)","decl":{"start":{"line":125,"column":19},"end":{"line":125,"column":20}},"loc":{"start":{"line":125,"column":26},"end":{"line":125,"column":27}},"line":125},"34":{"name":"(anonymous_34)","decl":{"start":{"line":126,"column":14},"end":{"line":126,"column":15}},"loc":{"start":{"line":126,"column":21},"end":{"line":129,"column":1}},"line":126},"35":{"name":"(anonymous_35)","decl":{"start":{"line":126,"column":21},"end":{"line":126,"column":22}},"loc":{"start":{"line":126,"column":28},"end":{"line":129,"column":1}},"line":126},"36":{"name":"(anonymous_36)","decl":{"start":{"line":130,"column":14},"end":{"line":130,"column":15}},"loc":{"start":{"line":130,"column":26},"end":{"line":139,"column":1}},"line":130},"37":{"name":"(anonymous_37)","decl":{"start":{"line":130,"column":26},"end":{"line":130,"column":27}},"loc":{"start":{"line":130,"column":33},"end":{"line":139,"column":1}},"line":130},"38":{"name":"(anonymous_38)","decl":{"start":{"line":140,"column":15},"end":{"line":140,"column":16}},"loc":{"start":{"line":140,"column":33},"end":{"line":140,"column":58}},"line":140},"39":{"name":"(anonymous_39)","decl":{"start":{"line":140,"column":33},"end":{"line":140,"column":34}},"loc":{"start":{"line":140,"column":40},"end":{"line":140,"column":58}},"line":140},"40":{"name":"(anonymous_40)","decl":{"start":{"line":141,"column":14},"end":{"line":141,"column":15}},"loc":{"start":{"line":141,"column":30},"end":{"line":144,"column":1}},"line":141},"41":{"name":"(anonymous_41)","decl":{"start":{"line":141,"column":30},"end":{"line":141,"column":31}},"loc":{"start":{"line":141,"column":37},"end":{"line":144,"column":1}},"line":141},"42":{"name":"(anonymous_42)","decl":{"start":{"line":142,"column":32},"end":{"line":142,"column":33}},"loc":{"start":{"line":142,"column":37},"end":{"line":142,"column":41}},"line":142},"43":{"name":"(anonymous_43)","decl":{"start":{"line":150,"column":13},"end":{"line":150,"column":14}},"loc":{"start":{"line":150,"column":20},"end":{"line":150,"column":31}},"line":150},"44":{"name":"(anonymous_44)","decl":{"start":{"line":151,"column":16},"end":{"line":151,"column":17}},"loc":{"start":{"line":151,"column":22},"end":{"line":151,"column":35}},"line":151},"45":{"name":"(anonymous_45)","decl":{"start":{"line":152,"column":21},"end":{"line":152,"column":22}},"loc":{"start":{"line":152,"column":28},"end":{"line":152,"column":88}},"line":152},"46":{"name":"(anonymous_46)","decl":{"start":{"line":153,"column":11},"end":{"line":153,"column":12}},"loc":{"start":{"line":153,"column":18},"end":{"line":153,"column":31}},"line":153},"47":{"name":"(anonymous_47)","decl":{"start":{"line":156,"column":4},"end":{"line":156,"column":5}},"loc":{"start":{"line":156,"column":25},"end":{"line":163,"column":5}},"line":156},"48":{"name":"(anonymous_48)","decl":{"start":{"line":159,"column":19},"end":{"line":159,"column":20}},"loc":{"start":{"line":159,"column":26},"end":{"line":159,"column":59}},"line":159},"49":{"name":"(anonymous_49)","decl":{"start":{"line":160,"column":25},"end":{"line":160,"column":26}},"loc":{"start":{"line":160,"column":32},"end":{"line":160,"column":42}},"line":160},"50":{"name":"(anonymous_50)","decl":{"start":{"line":161,"column":22},"end":{"line":161,"column":23}},"loc":{"start":{"line":161,"column":29},"end":{"line":161,"column":82}},"line":161},"51":{"name":"(anonymous_51)","decl":{"start":{"line":162,"column":21},"end":{"line":162,"column":22}},"loc":{"start":{"line":162,"column":28},"end":{"line":162,"column":41}},"line":162},"52":{"name":"(anonymous_52)","decl":{"start":{"line":164,"column":4},"end":{"line":164,"column":5}},"loc":{"start":{"line":164,"column":16},"end":{"line":166,"column":5}},"line":164},"53":{"name":"(anonymous_53)","decl":{"start":{"line":169,"column":4},"end":{"line":169,"column":5}},"loc":{"start":{"line":169,"column":18},"end":{"line":175,"column":5}},"line":169},"54":{"name":"(anonymous_54)","decl":{"start":{"line":171,"column":19},"end":{"line":171,"column":20}},"loc":{"start":{"line":171,"column":26},"end":{"line":171,"column":30}},"line":171},"55":{"name":"(anonymous_55)","decl":{"start":{"line":172,"column":25},"end":{"line":172,"column":26}},"loc":{"start":{"line":172,"column":36},"end":{"line":172,"column":41}},"line":172},"56":{"name":"(anonymous_56)","decl":{"start":{"line":173,"column":22},"end":{"line":173,"column":23}},"loc":{"start":{"line":173,"column":29},"end":{"line":173,"column":33}},"line":173},"57":{"name":"(anonymous_57)","decl":{"start":{"line":174,"column":21},"end":{"line":174,"column":22}},"loc":{"start":{"line":174,"column":28},"end":{"line":174,"column":32}},"line":174},"58":{"name":"(anonymous_58)","decl":{"start":{"line":176,"column":4},"end":{"line":176,"column":5}},"loc":{"start":{"line":176,"column":16},"end":{"line":178,"column":5}},"line":176},"59":{"name":"(anonymous_59)","decl":{"start":{"line":180,"column":15},"end":{"line":180,"column":16}},"loc":{"start":{"line":180,"column":22},"end":{"line":180,"column":65}},"line":180},"60":{"name":"(anonymous_60)","decl":{"start":{"line":180,"column":22},"end":{"line":180,"column":23}},"loc":{"start":{"line":180,"column":33},"end":{"line":180,"column":65}},"line":180},"61":{"name":"(anonymous_61)","decl":{"start":{"line":181,"column":14},"end":{"line":181,"column":15}},"loc":{"start":{"line":181,"column":21},"end":{"line":181,"column":52}},"line":181},"62":{"name":"(anonymous_62)","decl":{"start":{"line":181,"column":21},"end":{"line":181,"column":22}},"loc":{"start":{"line":181,"column":36},"end":{"line":181,"column":52}},"line":181},"63":{"name":"(anonymous_63)","decl":{"start":{"line":182,"column":16},"end":{"line":182,"column":17}},"loc":{"start":{"line":182,"column":23},"end":{"line":182,"column":56}},"line":182},"64":{"name":"(anonymous_64)","decl":{"start":{"line":182,"column":23},"end":{"line":182,"column":24}},"loc":{"start":{"line":182,"column":38},"end":{"line":182,"column":56}},"line":182},"65":{"name":"(anonymous_65)","decl":{"start":{"line":183,"column":17},"end":{"line":183,"column":18}},"loc":{"start":{"line":183,"column":24},"end":{"line":183,"column":58}},"line":183},"66":{"name":"(anonymous_66)","decl":{"start":{"line":183,"column":24},"end":{"line":183,"column":25}},"loc":{"start":{"line":183,"column":39},"end":{"line":183,"column":58}},"line":183},"67":{"name":"(anonymous_67)","decl":{"start":{"line":188,"column":4},"end":{"line":188,"column":5}},"loc":{"start":{"line":188,"column":25},"end":{"line":190,"column":5}},"line":188},"68":{"name":"(anonymous_68)","decl":{"start":{"line":191,"column":4},"end":{"line":191,"column":5}},"loc":{"start":{"line":191,"column":16},"end":{"line":193,"column":5}},"line":191},"69":{"name":"(anonymous_69)","decl":{"start":{"line":195,"column":14},"end":{"line":195,"column":15}},"loc":{"start":{"line":195,"column":21},"end":{"line":195,"column":32}},"line":195},"70":{"name":"(anonymous_70)","decl":{"start":{"line":196,"column":15},"end":{"line":196,"column":16}},"loc":{"start":{"line":196,"column":22},"end":{"line":196,"column":34}},"line":196},"71":{"name":"(anonymous_71)","decl":{"start":{"line":197,"column":22},"end":{"line":197,"column":23}},"loc":{"start":{"line":197,"column":31},"end":{"line":197,"column":105}},"line":197},"72":{"name":"(anonymous_72)","decl":{"start":{"line":198,"column":12},"end":{"line":198,"column":13}},"loc":{"start":{"line":198,"column":19},"end":{"line":198,"column":34}},"line":198},"73":{"name":"(anonymous_73)","decl":{"start":{"line":201,"column":4},"end":{"line":201,"column":5}},"loc":{"start":{"line":201,"column":18},"end":{"line":209,"column":5}},"line":201},"74":{"name":"(anonymous_74)","decl":{"start":{"line":203,"column":19},"end":{"line":203,"column":20}},"loc":{"start":{"line":203,"column":26},"end":{"line":203,"column":50}},"line":203},"75":{"name":"(anonymous_75)","decl":{"start":{"line":204,"column":25},"end":{"line":204,"column":26}},"loc":{"start":{"line":204,"column":32},"end":{"line":204,"column":42}},"line":204},"76":{"name":"(anonymous_76)","decl":{"start":{"line":205,"column":22},"end":{"line":205,"column":23}},"loc":{"start":{"line":205,"column":29},"end":{"line":205,"column":33}},"line":205},"77":{"name":"(anonymous_77)","decl":{"start":{"line":206,"column":21},"end":{"line":206,"column":22}},"loc":{"start":{"line":206,"column":28},"end":{"line":206,"column":41}},"line":206},"78":{"name":"(anonymous_78)","decl":{"start":{"line":207,"column":30},"end":{"line":207,"column":31}},"loc":{"start":{"line":207,"column":37},"end":{"line":207,"column":47}},"line":207},"79":{"name":"(anonymous_79)","decl":{"start":{"line":208,"column":22},"end":{"line":208,"column":23}},"loc":{"start":{"line":208,"column":29},"end":{"line":208,"column":83}},"line":208},"80":{"name":"(anonymous_80)","decl":{"start":{"line":210,"column":4},"end":{"line":210,"column":5}},"loc":{"start":{"line":210,"column":16},"end":{"line":212,"column":5}},"line":210},"81":{"name":"(anonymous_81)","decl":{"start":{"line":215,"column":4},"end":{"line":215,"column":5}},"loc":{"start":{"line":215,"column":18},"end":{"line":223,"column":5}},"line":215},"82":{"name":"(anonymous_82)","decl":{"start":{"line":217,"column":19},"end":{"line":217,"column":20}},"loc":{"start":{"line":217,"column":26},"end":{"line":217,"column":30}},"line":217},"83":{"name":"(anonymous_83)","decl":{"start":{"line":218,"column":25},"end":{"line":218,"column":26}},"loc":{"start":{"line":218,"column":36},"end":{"line":218,"column":41}},"line":218},"84":{"name":"(anonymous_84)","decl":{"start":{"line":219,"column":22},"end":{"line":219,"column":23}},"loc":{"start":{"line":219,"column":29},"end":{"line":219,"column":42}},"line":219},"85":{"name":"(anonymous_85)","decl":{"start":{"line":220,"column":21},"end":{"line":220,"column":22}},"loc":{"start":{"line":220,"column":28},"end":{"line":220,"column":32}},"line":220},"86":{"name":"(anonymous_86)","decl":{"start":{"line":221,"column":30},"end":{"line":221,"column":31}},"loc":{"start":{"line":221,"column":37},"end":{"line":221,"column":60}},"line":221},"87":{"name":"(anonymous_87)","decl":{"start":{"line":222,"column":22},"end":{"line":222,"column":23}},"loc":{"start":{"line":222,"column":29},"end":{"line":222,"column":33}},"line":222},"88":{"name":"(anonymous_88)","decl":{"start":{"line":224,"column":4},"end":{"line":224,"column":5}},"loc":{"start":{"line":224,"column":16},"end":{"line":226,"column":5}},"line":224}},"branchMap":{"0":{"loc":{"start":{"line":8,"column":15},"end":{"line":8,"column":51}},"type":"cond-expr","locations":[{"start":{"line":8,"column":31},"end":{"line":8,"column":43}},{"start":{"line":8,"column":46},"end":{"line":8,"column":51}}],"line":8},"1":{"loc":{"start":{"line":15,"column":12},"end":{"line":17,"column":13}},"type":"if","locations":[{"start":{"line":15,"column":12},"end":{"line":17,"column":13}},{"start":{"line":15,"column":12},"end":{"line":17,"column":13}}],"line":15},"2":{"loc":{"start":{"line":54,"column":43},"end":{"line":54,"column":52}},"type":"default-arg","locations":[{"start":{"line":54,"column":50},"end":{"line":54,"column":52}}],"line":54},"3":{"loc":{"start":{"line":55,"column":4},"end":{"line":63,"column":5}},"type":"if","locations":[{"start":{"line":55,"column":4},"end":{"line":63,"column":5}},{"start":{"line":55,"column":4},"end":{"line":63,"column":5}}],"line":55},"4":{"loc":{"start":{"line":55,"column":8},"end":{"line":55,"column":56}},"type":"binary-expr","locations":[{"start":{"line":55,"column":8},"end":{"line":55,"column":32}},{"start":{"line":55,"column":36},"end":{"line":55,"column":56}}],"line":55},"5":{"loc":{"start":{"line":58,"column":31},"end":{"line":58,"column":67}},"type":"cond-expr","locations":[{"start":{"line":58,"column":49},"end":{"line":58,"column":62}},{"start":{"line":58,"column":65},"end":{"line":58,"column":67}}],"line":58},"6":{"loc":{"start":{"line":66,"column":4},"end":{"line":68,"column":5}},"type":"if","locations":[{"start":{"line":66,"column":4},"end":{"line":68,"column":5}},{"start":{"line":66,"column":4},"end":{"line":68,"column":5}}],"line":66},"7":{"loc":{"start":{"line":75,"column":12},"end":{"line":77,"column":13}},"type":"if","locations":[{"start":{"line":75,"column":12},"end":{"line":77,"column":13}},{"start":{"line":75,"column":12},"end":{"line":77,"column":13}}],"line":75},"8":{"loc":{"start":{"line":78,"column":12},"end":{"line":80,"column":13}},"type":"if","locations":[{"start":{"line":78,"column":12},"end":{"line":80,"column":13}},{"start":{"line":78,"column":12},"end":{"line":80,"column":13}}],"line":78},"9":{"loc":{"start":{"line":97,"column":27},"end":{"line":99,"column":16}},"type":"cond-expr","locations":[{"start":{"line":98,"column":8},"end":{"line":98,"column":80}},{"start":{"line":99,"column":8},"end":{"line":99,"column":16}}],"line":97},"10":{"loc":{"start":{"line":102,"column":22},"end":{"line":102,"column":32}},"type":"binary-expr","locations":[{"start":{"line":102,"column":22},"end":{"line":102,"column":26}},{"start":{"line":102,"column":30},"end":{"line":102,"column":32}}],"line":102},"11":{"loc":{"start":{"line":102,"column":39},"end":{"line":102,"column":86}},"type":"cond-expr","locations":[{"start":{"line":102,"column":65},"end":{"line":102,"column":73}},{"start":{"line":102,"column":76},"end":{"line":102,"column":86}}],"line":102},"12":{"loc":{"start":{"line":106,"column":8},"end":{"line":111,"column":9}},"type":"if","locations":[{"start":{"line":106,"column":8},"end":{"line":111,"column":9}},{"start":{"line":106,"column":8},"end":{"line":111,"column":9}}],"line":106},"13":{"loc":{"start":{"line":109,"column":13},"end":{"line":111,"column":9}},"type":"if","locations":[{"start":{"line":109,"column":13},"end":{"line":111,"column":9}},{"start":{"line":109,"column":13},"end":{"line":111,"column":9}}],"line":109},"14":{"loc":{"start":{"line":109,"column":17},"end":{"line":109,"column":89}},"type":"binary-expr","locations":[{"start":{"line":109,"column":17},"end":{"line":109,"column":57}},{"start":{"line":109,"column":61},"end":{"line":109,"column":89}}],"line":109},"15":{"loc":{"start":{"line":131,"column":4},"end":{"line":133,"column":5}},"type":"if","locations":[{"start":{"line":131,"column":4},"end":{"line":133,"column":5}},{"start":{"line":131,"column":4},"end":{"line":133,"column":5}}],"line":131},"16":{"loc":{"start":{"line":135,"column":11},"end":{"line":135,"column":55}},"type":"binary-expr","locations":[{"start":{"line":135,"column":11},"end":{"line":135,"column":20}},{"start":{"line":135,"column":24},"end":{"line":135,"column":55}}],"line":135},"17":{"loc":{"start":{"line":152,"column":28},"end":{"line":152,"column":88}},"type":"cond-expr","locations":[{"start":{"line":152,"column":57},"end":{"line":152,"column":70}},{"start":{"line":152,"column":73},"end":{"line":152,"column":88}}],"line":152},"18":{"loc":{"start":{"line":152,"column":29},"end":{"line":152,"column":53}},"type":"binary-expr","locations":[{"start":{"line":152,"column":29},"end":{"line":152,"column":38}},{"start":{"line":152,"column":42},"end":{"line":152,"column":53}}],"line":152},"19":{"loc":{"start":{"line":161,"column":48},"end":{"line":161,"column":81}},"type":"cond-expr","locations":[{"start":{"line":161,"column":64},"end":{"line":161,"column":74}},{"start":{"line":161,"column":77},"end":{"line":161,"column":81}}],"line":161},"20":{"loc":{"start":{"line":197,"column":31},"end":{"line":197,"column":105}},"type":"cond-expr","locations":[{"start":{"line":197,"column":69},"end":{"line":197,"column":86}},{"start":{"line":197,"column":89},"end":{"line":197,"column":105}}],"line":197},"21":{"loc":{"start":{"line":197,"column":32},"end":{"line":197,"column":65}},"type":"binary-expr","locations":[{"start":{"line":197,"column":32},"end":{"line":197,"column":44}},{"start":{"line":197,"column":48},"end":{"line":197,"column":65}}],"line":197},"22":{"loc":{"start":{"line":208,"column":49},"end":{"line":208,"column":82}},"type":"cond-expr","locations":[{"start":{"line":208,"column":65},"end":{"line":208,"column":75}},{"start":{"line":208,"column":78},"end":{"line":208,"column":82}}],"line":208}},"s":{"0":0,"1":0,"2":0,"3":0,"4":0,"5":0,"6":0,"7":0,"8":0,"9":0,"10":0,"11":0,"12":0,"13":0,"14":0,"15":0,"16":0,"17":0,"18":0,"19":0,"20":0,"21":0,"22":0,"23":0,"24":0,"25":0,"26":0,"27":0,"28":0,"29":0,"30":0,"31":0,"32":0,"33":0,"34":0,"35":0,"36":0,"37":0,"38":0,"39":0,"40":0,"41":0,"42":0,"43":0,"44":0,"45":0,"46":0,"47":0,"48":0,"49":0,"50":0,"51":0,"52":0,"53":0,"54":0,"55":0,"56":0,"57":0,"58":0,"59":0,"60":0,"61":0,"62":0,"63":0,"64":0,"65":0,"66":0,"67":0,"68":0,"69":0,"70":0,"71":0,"72":0,"73":0,"74":0,"75":0,"76":0,"77":0,"78":0,"79":0,"80":0,"81":0,"82":0,"83":0,"84":0,"85":0,"86":0,"87":0,"88":0,"89":0,"90":0,"91":0,"92":0,"93":0,"94":0,"95":0,"96":0,"97":0,"98":0,"99":0,"100":0,"101":0,"102":0,"103":0,"104":0,"105":0,"106":0,"107":0,"108":0,"109":0,"110":0,"111":0,"112":0,"113":0,"114":0,"115":0,"116":0,"117":0,"118":0,"119":0,"120":0,"121":0,"122":0,"123":0,"124":0,"125":0,"126":0,"127":0,"128":0,"129":0,"130":0,"131":0,"132":0,"133":0,"134":0,"135":0,"136":0,"137":0,"138":0,"139":0,"140":0,"141":0,"142":0,"143":0,"144":0,"145":0,"146":0,"147":0,"148":0,"149":0,"150":0,"151":0,"152":0,"153":0,"154":0,"155":0,"156":0,"157":0,"158":0,"159":0,"160":0,"161":0,"162":0,"163":0,"164":0,"165":0,"166":0,"167":0,"168":0,"169":0,"170":0,"171":0,"172":0,"173":0,"174":0,"175":0,"176":0,"177":0,"178":0,"179":0,"180":0,"181":0},"f":{"0":0,"1":0,"2":0,"3":0,"4":0,"5":0,"6":0,"7":0,"8":0,"9":0,"10":0,"11":0,"12":0,"13":0,"14":0,"15":0,"16":0,"17":0,"18":0,"19":0,"20":0,"21":0,"22":0,"23":0,"24":0,"25":0,"26":0,"27":0,"28":0,"29":0,"30":0,"31":0,"32":0,"33":0,"34":0,"35":0,"36":0,"37":0,"38":0,"39":0,"40":0,"41":0,"42":0,"43":0,"44":0,"45":0,"46":0,"47":0,"48":0,"49":0,"50":0,"51":0,"52":0,"53":0,"54":0,"55":0,"56":0,"57":0,"58":0,"59":0,"60":0,"61":0,"62":0,"63":0,"64":0,"65":0,"66":0,"67":0,"68":0,"69":0,"70":0,"71":0,"72":0,"73":0,"74":0,"75":0,"76":0,"77":0,"78":0,"79":0,"80":0,"81":0,"82":0,"83":0,"84":0,"85":0,"86":0,"87":0,"88":0},"b":{"0":[0,0],"1":[0,0],"2":[0],"3":[0,0],"4":[0,0],"5":[0,0],"6":[0,0],"7":[0,0],"8":[0,0],"9":[0,0],"10":[0,0],"11":[0,0],"12":[0,0],"13":[0,0],"14":[0,0],"15":[0,0],"16":[0,0],"17":[0,0],"18":[0,0],"19":[0,0],"20":[0,0],"21":[0,0],"22":[0,0]}}
,"C:\\dev\\node\\test\\dist\\Schema-1.js": {"path":"C:\\dev\\node\\test\\dist\\Schema-1.js","statementMap":{"0":{"start":{"line":2,"column":0},"end":{"line":2,"column":62}},"1":{"start":{"line":4,"column":12},"end":{"line":4,"column":26}},"2":{"start":{"line":5,"column":18},"end":{"line":5,"column":38}},"3":{"start":{"line":6,"column":12},"end":{"line":6,"column":21}},"4":{"start":{"line":7,"column":11},"end":{"line":25,"column":1}},"5":{"start":{"line":26,"column":13},"end":{"line":28,"column":1}},"6":{"start":{"line":29,"column":0},"end":{"line":39,"column":2}},"7":{"start":{"line":30,"column":18},"end":{"line":30,"column":61}},"8":{"start":{"line":31,"column":21},"end":{"line":31,"column":36}},"9":{"start":{"line":32,"column":4},"end":{"line":38,"column":10}},"10":{"start":{"line":37,"column":8},"end":{"line":37,"column":21}}},"fnMap":{"0":{"name":"(anonymous_0)","decl":{"start":{"line":29,"column":15},"end":{"line":29,"column":16}},"loc":{"start":{"line":29,"column":26},"end":{"line":39,"column":1}},"line":29},"1":{"name":"(anonymous_1)","decl":{"start":{"line":34,"column":20},"end":{"line":34,"column":21}},"loc":{"start":{"line":34,"column":26},"end":{"line":38,"column":5}},"line":34}},"branchMap":{},"s":{"0":0,"1":0,"2":0,"3":0,"4":0,"5":0,"6":0,"7":0,"8":0,"9":0,"10":0},"f":{"0":0,"1":0},"b":{}}
,"C:\\dev\\node\\test\\dist\\libUtils.js": {"path":"C:\\dev\\node\\test\\dist\\libUtils.js","statementMap":{"0":{"start":{"line":3,"column":0},"end":{"line":3,"column":62}},"1":{"start":{"line":13,"column":0},"end":{"line":13,"column":61}},"2":{"start":{"line":13,"column":35},"end":{"line":13,"column":60}},"3":{"start":{"line":17,"column":0},"end":{"line":20,"column":2}},"4":{"start":{"line":18,"column":21},"end":{"line":18,"column":83}},"5":{"start":{"line":19,"column":4},"end":{"line":19,"column":37}},"6":{"start":{"line":26,"column":0},"end":{"line":26,"column":87}},"7":{"start":{"line":26,"column":36},"end":{"line":26,"column":86}},"8":{"start":{"line":32,"column":8},"end":{"line":32,"column":40}},"9":{"start":{"line":32,"column":26},"end":{"line":32,"column":39}},"10":{"start":{"line":35,"column":8},"end":{"line":35,"column":95}},"11":{"start":{"line":35,"column":26},"end":{"line":35,"column":94}},"12":{"start":{"line":38,"column":8},"end":{"line":38,"column":43}},"13":{"start":{"line":38,"column":26},"end":{"line":38,"column":42}},"14":{"start":{"line":41,"column":8},"end":{"line":41,"column":42}},"15":{"start":{"line":44,"column":8},"end":{"line":44,"column":34}},"16":{"start":{"line":47,"column":8},"end":{"line":47,"column":95}},"17":{"start":{"line":47,"column":49},"end":{"line":47,"column":72}},"18":{"start":{"line":50,"column":25},"end":{"line":50,"column":112}},"19":{"start":{"line":51,"column":8},"end":{"line":51,"column":83}},"20":{"start":{"line":57,"column":8},"end":{"line":57,"column":51}},"21":{"start":{"line":65,"column":8},"end":{"line":65,"column":78}},"22":{"start":{"line":65,"column":67},"end":{"line":65,"column":76}},"23":{"start":{"line":75,"column":8},"end":{"line":85,"column":10}},"24":{"start":{"line":76,"column":28},"end":{"line":76,"column":70}},"25":{"start":{"line":76,"column":49},"end":{"line":76,"column":69}},"26":{"start":{"line":77,"column":12},"end":{"line":84,"column":19}},"27":{"start":{"line":78,"column":32},"end":{"line":78,"column":35}},"28":{"start":{"line":79,"column":31},"end":{"line":79,"column":101}},"29":{"start":{"line":79,"column":58},"end":{"line":79,"column":70}},"30":{"start":{"line":79,"column":88},"end":{"line":79,"column":100}},"31":{"start":{"line":80,"column":16},"end":{"line":80,"column":37}},"32":{"start":{"line":83,"column":16},"end":{"line":83,"column":64}},"33":{"start":{"line":88,"column":8},"end":{"line":90,"column":10}},"34":{"start":{"line":89,"column":12},"end":{"line":89,"column":147}},"35":{"start":{"line":89,"column":95},"end":{"line":89,"column":141}},"36":{"start":{"line":93,"column":8},"end":{"line":93,"column":62}},"37":{"start":{"line":93,"column":45},"end":{"line":93,"column":57}},"38":{"start":{"line":102,"column":8},"end":{"line":102,"column":68}},"39":{"start":{"line":102,"column":24},"end":{"line":102,"column":67}},"40":{"start":{"line":102,"column":49},"end":{"line":102,"column":57}},"41":{"start":{"line":114,"column":8},"end":{"line":114,"column":62}},"42":{"start":{"line":114,"column":45},"end":{"line":114,"column":60}},"43":{"start":{"line":121,"column":8},"end":{"line":121,"column":48}},"44":{"start":{"line":129,"column":8},"end":{"line":129,"column":52}},"45":{"start":{"line":133,"column":8},"end":{"line":133,"column":51}},"46":{"start":{"line":133,"column":22},"end":{"line":133,"column":50}},"47":{"start":{"line":136,"column":8},"end":{"line":136,"column":47}},"48":{"start":{"line":136,"column":30},"end":{"line":136,"column":46}},"49":{"start":{"line":139,"column":8},"end":{"line":139,"column":49}},"50":{"start":{"line":139,"column":30},"end":{"line":139,"column":48}},"51":{"start":{"line":143,"column":8},"end":{"line":143,"column":17}},"52":{"start":{"line":147,"column":8},"end":{"line":156,"column":10}},"53":{"start":{"line":148,"column":12},"end":{"line":150,"column":13}},"54":{"start":{"line":149,"column":16},"end":{"line":149,"column":28}},"55":{"start":{"line":151,"column":27},"end":{"line":151,"column":36}},"56":{"start":{"line":152,"column":12},"end":{"line":154,"column":13}},"57":{"start":{"line":153,"column":16},"end":{"line":153,"column":30}},"58":{"start":{"line":155,"column":12},"end":{"line":155,"column":45}},"59":{"start":{"line":160,"column":8},"end":{"line":163,"column":10}},"60":{"start":{"line":161,"column":12},"end":{"line":161,"column":17}},"61":{"start":{"line":162,"column":12},"end":{"line":162,"column":21}},"62":{"start":{"line":166,"column":0},"end":{"line":166,"column":14}},"63":{"start":{"line":173,"column":0},"end":{"line":186,"column":2}},"64":{"start":{"line":174,"column":4},"end":{"line":185,"column":6}},"65":{"start":{"line":175,"column":22},"end":{"line":183,"column":28}},"66":{"start":{"line":176,"column":12},"end":{"line":181,"column":13}},"67":{"start":{"line":177,"column":16},"end":{"line":177,"column":28}},"68":{"start":{"line":179,"column":17},"end":{"line":181,"column":13}},"69":{"start":{"line":180,"column":16},"end":{"line":180,"column":45}},"70":{"start":{"line":182,"column":12},"end":{"line":182,"column":39}},"71":{"start":{"line":184,"column":8},"end":{"line":184,"column":26}},"72":{"start":{"line":194,"column":0},"end":{"line":200,"column":2}},"73":{"start":{"line":195,"column":4},"end":{"line":199,"column":6}},"74":{"start":{"line":196,"column":18},"end":{"line":196,"column":20}},"75":{"start":{"line":197,"column":20},"end":{"line":197,"column":105}},"76":{"start":{"line":197,"column":46},"end":{"line":197,"column":104}},"77":{"start":{"line":197,"column":79},"end":{"line":197,"column":95}},"78":{"start":{"line":198,"column":8},"end":{"line":198,"column":46}},"79":{"start":{"line":207,"column":0},"end":{"line":212,"column":2}},"80":{"start":{"line":208,"column":4},"end":{"line":210,"column":5}},"81":{"start":{"line":209,"column":8},"end":{"line":209,"column":20}},"82":{"start":{"line":211,"column":4},"end":{"line":211,"column":63}},"83":{"start":{"line":219,"column":0},"end":{"line":234,"column":2}},"84":{"start":{"line":220,"column":28},"end":{"line":228,"column":5}},"85":{"start":{"line":221,"column":8},"end":{"line":223,"column":9}},"86":{"start":{"line":222,"column":12},"end":{"line":222,"column":24}},"87":{"start":{"line":224,"column":8},"end":{"line":226,"column":9}},"88":{"start":{"line":225,"column":12},"end":{"line":225,"column":33}},"89":{"start":{"line":227,"column":8},"end":{"line":227,"column":65}},"90":{"start":{"line":229,"column":4},"end":{"line":233,"column":6}},"91":{"start":{"line":230,"column":22},"end":{"line":230,"column":35}},"92":{"start":{"line":231,"column":8},"end":{"line":231,"column":81}},"93":{"start":{"line":232,"column":8},"end":{"line":232,"column":21}},"94":{"start":{"line":241,"column":0},"end":{"line":260,"column":2}},"95":{"start":{"line":242,"column":14},"end":{"line":256,"column":5}},"96":{"start":{"line":243,"column":8},"end":{"line":255,"column":9}},"97":{"start":{"line":244,"column":12},"end":{"line":248,"column":19}},"98":{"start":{"line":245,"column":36},"end":{"line":245,"column":55}},"99":{"start":{"line":246,"column":34},"end":{"line":246,"column":69}},"100":{"start":{"line":247,"column":16},"end":{"line":247,"column":86}},"101":{"start":{"line":251,"column":12},"end":{"line":253,"column":13}},"102":{"start":{"line":252,"column":16},"end":{"line":252,"column":31}},"103":{"start":{"line":254,"column":12},"end":{"line":254,"column":22}},"104":{"start":{"line":257,"column":4},"end":{"line":259,"column":6}},"105":{"start":{"line":258,"column":8},"end":{"line":258,"column":35}},"106":{"start":{"line":261,"column":0},"end":{"line":265,"column":2}},"107":{"start":{"line":262,"column":4},"end":{"line":264,"column":6}},"108":{"start":{"line":263,"column":8},"end":{"line":263,"column":100}},"109":{"start":{"line":263,"column":67},"end":{"line":263,"column":98}},"110":{"start":{"line":271,"column":0},"end":{"line":271,"column":32}},"111":{"start":{"line":271,"column":20},"end":{"line":271,"column":31}},"112":{"start":{"line":272,"column":0},"end":{"line":272,"column":36}},"113":{"start":{"line":272,"column":22},"end":{"line":272,"column":35}},"114":{"start":{"line":273,"column":0},"end":{"line":273,"column":32}},"115":{"start":{"line":273,"column":18},"end":{"line":273,"column":31}},"116":{"start":{"line":274,"column":0},"end":{"line":274,"column":73}},"117":{"start":{"line":274,"column":28},"end":{"line":274,"column":72}},"118":{"start":{"line":275,"column":0},"end":{"line":275,"column":22}},"119":{"start":{"line":279,"column":8},"end":{"line":279,"column":16}},"120":{"start":{"line":280,"column":8},"end":{"line":280,"column":29}},"121":{"start":{"line":281,"column":8},"end":{"line":281,"column":60}},"122":{"start":{"line":281,"column":26},"end":{"line":281,"column":59}},"123":{"start":{"line":282,"column":8},"end":{"line":282,"column":42}},"124":{"start":{"line":282,"column":28},"end":{"line":282,"column":41}},"125":{"start":{"line":283,"column":8},"end":{"line":283,"column":83}},"126":{"start":{"line":283,"column":29},"end":{"line":283,"column":82}},"127":{"start":{"line":284,"column":8},"end":{"line":284,"column":43}},"128":{"start":{"line":284,"column":32},"end":{"line":284,"column":42}},"129":{"start":{"line":287,"column":8},"end":{"line":287,"column":27}},"130":{"start":{"line":293,"column":8},"end":{"line":293,"column":28}},"131":{"start":{"line":294,"column":8},"end":{"line":294,"column":31}},"132":{"start":{"line":294,"column":26},"end":{"line":294,"column":30}},"133":{"start":{"line":295,"column":8},"end":{"line":295,"column":33}},"134":{"start":{"line":295,"column":28},"end":{"line":295,"column":32}},"135":{"start":{"line":296,"column":8},"end":{"line":296,"column":34}},"136":{"start":{"line":296,"column":29},"end":{"line":296,"column":33}},"137":{"start":{"line":297,"column":8},"end":{"line":297,"column":42}},"138":{"start":{"line":297,"column":36},"end":{"line":297,"column":41}},"139":{"start":{"line":300,"column":8},"end":{"line":300,"column":69}},"140":{"start":{"line":308,"column":8},"end":{"line":308,"column":29}},"141":{"start":{"line":311,"column":8},"end":{"line":311,"column":27}},"142":{"start":{"line":314,"column":0},"end":{"line":314,"column":33}},"143":{"start":{"line":314,"column":21},"end":{"line":314,"column":32}},"144":{"start":{"line":315,"column":0},"end":{"line":315,"column":35}},"145":{"start":{"line":315,"column":22},"end":{"line":315,"column":34}},"146":{"start":{"line":316,"column":0},"end":{"line":316,"column":35}},"147":{"start":{"line":316,"column":19},"end":{"line":316,"column":34}},"148":{"start":{"line":317,"column":0},"end":{"line":317,"column":106}},"149":{"start":{"line":317,"column":31},"end":{"line":317,"column":105}},"150":{"start":{"line":318,"column":0},"end":{"line":318,"column":24}},"151":{"start":{"line":322,"column":8},"end":{"line":322,"column":28}},"152":{"start":{"line":323,"column":8},"end":{"line":323,"column":31}},"153":{"start":{"line":323,"column":26},"end":{"line":323,"column":30}},"154":{"start":{"line":324,"column":8},"end":{"line":324,"column":33}},"155":{"start":{"line":324,"column":28},"end":{"line":324,"column":32}},"156":{"start":{"line":325,"column":8},"end":{"line":325,"column":34}},"157":{"start":{"line":325,"column":29},"end":{"line":325,"column":33}},"158":{"start":{"line":326,"column":8},"end":{"line":326,"column":44}},"159":{"start":{"line":326,"column":29},"end":{"line":326,"column":43}},"160":{"start":{"line":327,"column":8},"end":{"line":327,"column":42}},"161":{"start":{"line":327,"column":36},"end":{"line":327,"column":41}},"162":{"start":{"line":331,"column":8},"end":{"line":331,"column":69}},"163":{"start":{"line":334,"column":8},"end":{"line":334,"column":27}},"164":{"start":{"line":341,"column":8},"end":{"line":341,"column":28}},"165":{"start":{"line":342,"column":8},"end":{"line":342,"column":51}},"166":{"start":{"line":342,"column":26},"end":{"line":342,"column":50}},"167":{"start":{"line":343,"column":8},"end":{"line":343,"column":42}},"168":{"start":{"line":343,"column":28},"end":{"line":343,"column":41}},"169":{"start":{"line":344,"column":8},"end":{"line":344,"column":84}},"170":{"start":{"line":344,"column":29},"end":{"line":344,"column":83}},"171":{"start":{"line":345,"column":8},"end":{"line":345,"column":34}},"172":{"start":{"line":345,"column":29},"end":{"line":345,"column":33}},"173":{"start":{"line":346,"column":8},"end":{"line":346,"column":48}},"174":{"start":{"line":346,"column":37},"end":{"line":346,"column":47}},"175":{"start":{"line":347,"column":8},"end":{"line":347,"column":43}},"176":{"start":{"line":347,"column":32},"end":{"line":347,"column":42}}},"fnMap":{"0":{"name":"(anonymous_0)","decl":{"start":{"line":13,"column":15},"end":{"line":13,"column":16}},"loc":{"start":{"line":13,"column":35},"end":{"line":13,"column":60}},"line":13},"1":{"name":"(anonymous_1)","decl":{"start":{"line":17,"column":18},"end":{"line":17,"column":19}},"loc":{"start":{"line":17,"column":35},"end":{"line":20,"column":1}},"line":17},"2":{"name":"(anonymous_2)","decl":{"start":{"line":26,"column":16},"end":{"line":26,"column":17}},"loc":{"start":{"line":26,"column":36},"end":{"line":26,"column":86}},"line":26},"3":{"name":"(anonymous_3)","decl":{"start":{"line":31,"column":4},"end":{"line":31,"column":5}},"loc":{"start":{"line":31,"column":19},"end":{"line":33,"column":5}},"line":31},"4":{"name":"(anonymous_4)","decl":{"start":{"line":32,"column":15},"end":{"line":32,"column":16}},"loc":{"start":{"line":32,"column":26},"end":{"line":32,"column":39}},"line":32},"5":{"name":"(anonymous_5)","decl":{"start":{"line":34,"column":4},"end":{"line":34,"column":5}},"loc":{"start":{"line":34,"column":31},"end":{"line":36,"column":5}},"line":34},"6":{"name":"(anonymous_6)","decl":{"start":{"line":35,"column":15},"end":{"line":35,"column":16}},"loc":{"start":{"line":35,"column":26},"end":{"line":35,"column":94}},"line":35},"7":{"name":"(anonymous_7)","decl":{"start":{"line":37,"column":4},"end":{"line":37,"column":5}},"loc":{"start":{"line":37,"column":22},"end":{"line":39,"column":5}},"line":37},"8":{"name":"(anonymous_8)","decl":{"start":{"line":38,"column":15},"end":{"line":38,"column":16}},"loc":{"start":{"line":38,"column":26},"end":{"line":38,"column":42}},"line":38},"9":{"name":"(anonymous_9)","decl":{"start":{"line":40,"column":4},"end":{"line":40,"column":5}},"loc":{"start":{"line":40,"column":23},"end":{"line":42,"column":5}},"line":40},"10":{"name":"(anonymous_10)","decl":{"start":{"line":43,"column":4},"end":{"line":43,"column":5}},"loc":{"start":{"line":43,"column":23},"end":{"line":45,"column":5}},"line":43},"11":{"name":"(anonymous_11)","decl":{"start":{"line":46,"column":4},"end":{"line":46,"column":5}},"loc":{"start":{"line":46,"column":32},"end":{"line":48,"column":5}},"line":46},"12":{"name":"(anonymous_12)","decl":{"start":{"line":47,"column":37},"end":{"line":47,"column":38}},"loc":{"start":{"line":47,"column":49},"end":{"line":47,"column":72}},"line":47},"13":{"name":"(anonymous_13)","decl":{"start":{"line":49,"column":4},"end":{"line":49,"column":5}},"loc":{"start":{"line":49,"column":26},"end":{"line":52,"column":5}},"line":49},"14":{"name":"(anonymous_14)","decl":{"start":{"line":56,"column":4},"end":{"line":56,"column":5}},"loc":{"start":{"line":56,"column":23},"end":{"line":58,"column":5}},"line":56},"15":{"name":"(anonymous_15)","decl":{"start":{"line":64,"column":4},"end":{"line":64,"column":5}},"loc":{"start":{"line":64,"column":29},"end":{"line":66,"column":5}},"line":64},"16":{"name":"(anonymous_16)","decl":{"start":{"line":65,"column":57},"end":{"line":65,"column":58}},"loc":{"start":{"line":65,"column":67},"end":{"line":65,"column":76}},"line":65},"17":{"name":"(anonymous_17)","decl":{"start":{"line":74,"column":4},"end":{"line":74,"column":5}},"loc":{"start":{"line":74,"column":54},"end":{"line":86,"column":5}},"line":74},"18":{"name":"(anonymous_18)","decl":{"start":{"line":75,"column":15},"end":{"line":75,"column":16}},"loc":{"start":{"line":75,"column":31},"end":{"line":85,"column":9}},"line":75},"19":{"name":"(anonymous_19)","decl":{"start":{"line":76,"column":43},"end":{"line":76,"column":44}},"loc":{"start":{"line":76,"column":49},"end":{"line":76,"column":69}},"line":76},"20":{"name":"(anonymous_20)","decl":{"start":{"line":78,"column":21},"end":{"line":78,"column":22}},"loc":{"start":{"line":78,"column":32},"end":{"line":78,"column":35}},"line":78},"21":{"name":"(anonymous_21)","decl":{"start":{"line":78,"column":62},"end":{"line":78,"column":63}},"loc":{"start":{"line":78,"column":71},"end":{"line":81,"column":13}},"line":78},"22":{"name":"(anonymous_22)","decl":{"start":{"line":79,"column":46},"end":{"line":79,"column":47}},"loc":{"start":{"line":79,"column":58},"end":{"line":79,"column":70}},"line":79},"23":{"name":"(anonymous_23)","decl":{"start":{"line":79,"column":76},"end":{"line":79,"column":77}},"loc":{"start":{"line":79,"column":88},"end":{"line":79,"column":100}},"line":79},"24":{"name":"(anonymous_24)","decl":{"start":{"line":82,"column":24},"end":{"line":82,"column":25}},"loc":{"start":{"line":82,"column":49},"end":{"line":84,"column":13}},"line":82},"25":{"name":"(anonymous_25)","decl":{"start":{"line":87,"column":4},"end":{"line":87,"column":5}},"loc":{"start":{"line":87,"column":31},"end":{"line":91,"column":5}},"line":87},"26":{"name":"(anonymous_26)","decl":{"start":{"line":88,"column":15},"end":{"line":88,"column":16}},"loc":{"start":{"line":88,"column":31},"end":{"line":90,"column":9}},"line":88},"27":{"name":"(anonymous_27)","decl":{"start":{"line":89,"column":71},"end":{"line":89,"column":72}},"loc":{"start":{"line":89,"column":95},"end":{"line":89,"column":141}},"line":89},"28":{"name":"(anonymous_28)","decl":{"start":{"line":92,"column":4},"end":{"line":92,"column":5}},"loc":{"start":{"line":92,"column":22},"end":{"line":94,"column":5}},"line":92},"29":{"name":"(anonymous_29)","decl":{"start":{"line":93,"column":28},"end":{"line":93,"column":29}},"loc":{"start":{"line":93,"column":45},"end":{"line":93,"column":57}},"line":93},"30":{"name":"(anonymous_30)","decl":{"start":{"line":101,"column":4},"end":{"line":101,"column":5}},"loc":{"start":{"line":101,"column":28},"end":{"line":103,"column":5}},"line":101},"31":{"name":"(anonymous_31)","decl":{"start":{"line":102,"column":15},"end":{"line":102,"column":16}},"loc":{"start":{"line":102,"column":24},"end":{"line":102,"column":67}},"line":102},"32":{"name":"(anonymous_32)","decl":{"start":{"line":102,"column":35},"end":{"line":102,"column":36}},"loc":{"start":{"line":102,"column":49},"end":{"line":102,"column":57}},"line":102},"33":{"name":"(anonymous_33)","decl":{"start":{"line":113,"column":4},"end":{"line":113,"column":5}},"loc":{"start":{"line":113,"column":24},"end":{"line":115,"column":5}},"line":113},"34":{"name":"(anonymous_34)","decl":{"start":{"line":114,"column":36},"end":{"line":114,"column":37}},"loc":{"start":{"line":114,"column":45},"end":{"line":114,"column":60}},"line":114},"35":{"name":"(anonymous_35)","decl":{"start":{"line":120,"column":4},"end":{"line":120,"column":5}},"loc":{"start":{"line":120,"column":23},"end":{"line":122,"column":5}},"line":120},"36":{"name":"(anonymous_36)","decl":{"start":{"line":128,"column":4},"end":{"line":128,"column":5}},"loc":{"start":{"line":128,"column":42},"end":{"line":130,"column":5}},"line":128},"37":{"name":"(anonymous_37)","decl":{"start":{"line":132,"column":4},"end":{"line":132,"column":5}},"loc":{"start":{"line":132,"column":19},"end":{"line":134,"column":5}},"line":132},"38":{"name":"(anonymous_38)","decl":{"start":{"line":133,"column":15},"end":{"line":133,"column":16}},"loc":{"start":{"line":133,"column":22},"end":{"line":133,"column":50}},"line":133},"39":{"name":"(anonymous_39)","decl":{"start":{"line":135,"column":4},"end":{"line":135,"column":5}},"loc":{"start":{"line":135,"column":19},"end":{"line":137,"column":5}},"line":135},"40":{"name":"(anonymous_40)","decl":{"start":{"line":136,"column":15},"end":{"line":136,"column":16}},"loc":{"start":{"line":136,"column":30},"end":{"line":136,"column":46}},"line":136},"41":{"name":"(anonymous_41)","decl":{"start":{"line":138,"column":4},"end":{"line":138,"column":5}},"loc":{"start":{"line":138,"column":20},"end":{"line":140,"column":5}},"line":138},"42":{"name":"(anonymous_42)","decl":{"start":{"line":139,"column":15},"end":{"line":139,"column":16}},"loc":{"start":{"line":139,"column":30},"end":{"line":139,"column":48}},"line":139},"43":{"name":"(anonymous_43)","decl":{"start":{"line":142,"column":4},"end":{"line":142,"column":5}},"loc":{"start":{"line":142,"column":23},"end":{"line":144,"column":5}},"line":142},"44":{"name":"(anonymous_44)","decl":{"start":{"line":146,"column":4},"end":{"line":146,"column":5}},"loc":{"start":{"line":146,"column":23},"end":{"line":157,"column":5}},"line":146},"45":{"name":"(anonymous_45)","decl":{"start":{"line":147,"column":15},"end":{"line":147,"column":16}},"loc":{"start":{"line":147,"column":22},"end":{"line":156,"column":9}},"line":147},"46":{"name":"(anonymous_46)","decl":{"start":{"line":159,"column":4},"end":{"line":159,"column":5}},"loc":{"start":{"line":159,"column":18},"end":{"line":164,"column":5}},"line":159},"47":{"name":"(anonymous_47)","decl":{"start":{"line":160,"column":15},"end":{"line":160,"column":16}},"loc":{"start":{"line":160,"column":22},"end":{"line":163,"column":9}},"line":160},"48":{"name":"(anonymous_48)","decl":{"start":{"line":173,"column":16},"end":{"line":173,"column":17}},"loc":{"start":{"line":173,"column":33},"end":{"line":186,"column":1}},"line":173},"49":{"name":"(anonymous_49)","decl":{"start":{"line":174,"column":11},"end":{"line":174,"column":12}},"loc":{"start":{"line":174,"column":24},"end":{"line":185,"column":5}},"line":174},"50":{"name":"(anonymous_50)","decl":{"start":{"line":175,"column":36},"end":{"line":175,"column":37}},"loc":{"start":{"line":175,"column":55},"end":{"line":183,"column":9}},"line":175},"51":{"name":"(anonymous_51)","decl":{"start":{"line":194,"column":23},"end":{"line":194,"column":24}},"loc":{"start":{"line":194,"column":35},"end":{"line":200,"column":1}},"line":194},"52":{"name":"(anonymous_52)","decl":{"start":{"line":195,"column":11},"end":{"line":195,"column":12}},"loc":{"start":{"line":195,"column":22},"end":{"line":199,"column":5}},"line":195},"53":{"name":"(anonymous_53)","decl":{"start":{"line":197,"column":36},"end":{"line":197,"column":37}},"loc":{"start":{"line":197,"column":46},"end":{"line":197,"column":104}},"line":197},"54":{"name":"(anonymous_54)","decl":{"start":{"line":197,"column":68},"end":{"line":197,"column":69}},"loc":{"start":{"line":197,"column":79},"end":{"line":197,"column":95}},"line":197},"55":{"name":"(anonymous_55)","decl":{"start":{"line":207,"column":22},"end":{"line":207,"column":23}},"loc":{"start":{"line":207,"column":39},"end":{"line":212,"column":1}},"line":207},"56":{"name":"(anonymous_56)","decl":{"start":{"line":219,"column":22},"end":{"line":219,"column":23}},"loc":{"start":{"line":219,"column":40},"end":{"line":234,"column":1}},"line":219},"57":{"name":"(anonymous_57)","decl":{"start":{"line":220,"column":28},"end":{"line":220,"column":29}},"loc":{"start":{"line":220,"column":46},"end":{"line":228,"column":5}},"line":220},"58":{"name":"(anonymous_58)","decl":{"start":{"line":229,"column":11},"end":{"line":229,"column":12}},"loc":{"start":{"line":229,"column":21},"end":{"line":233,"column":5}},"line":229},"59":{"name":"(anonymous_59)","decl":{"start":{"line":241,"column":24},"end":{"line":241,"column":25}},"loc":{"start":{"line":241,"column":40},"end":{"line":260,"column":1}},"line":241},"60":{"name":"(anonymous_60)","decl":{"start":{"line":242,"column":14},"end":{"line":242,"column":15}},"loc":{"start":{"line":242,"column":49},"end":{"line":256,"column":5}},"line":242},"61":{"name":"(anonymous_61)","decl":{"start":{"line":244,"column":44},"end":{"line":244,"column":45}},"loc":{"start":{"line":244,"column":59},"end":{"line":248,"column":13}},"line":244},"62":{"name":"(anonymous_62)","decl":{"start":{"line":257,"column":11},"end":{"line":257,"column":12}},"loc":{"start":{"line":257,"column":21},"end":{"line":259,"column":5}},"line":257},"63":{"name":"(anonymous_63)","decl":{"start":{"line":261,"column":23},"end":{"line":261,"column":24}},"loc":{"start":{"line":261,"column":39},"end":{"line":265,"column":1}},"line":261},"64":{"name":"(anonymous_64)","decl":{"start":{"line":262,"column":11},"end":{"line":262,"column":12}},"loc":{"start":{"line":262,"column":21},"end":{"line":264,"column":5}},"line":262},"65":{"name":"(anonymous_65)","decl":{"start":{"line":263,"column":59},"end":{"line":263,"column":60}},"loc":{"start":{"line":263,"column":67},"end":{"line":263,"column":98}},"line":263},"66":{"name":"(anonymous_66)","decl":{"start":{"line":271,"column":13},"end":{"line":271,"column":14}},"loc":{"start":{"line":271,"column":20},"end":{"line":271,"column":31}},"line":271},"67":{"name":"(anonymous_67)","decl":{"start":{"line":272,"column":16},"end":{"line":272,"column":17}},"loc":{"start":{"line":272,"column":22},"end":{"line":272,"column":35}},"line":272},"68":{"name":"(anonymous_68)","decl":{"start":{"line":273,"column":11},"end":{"line":273,"column":12}},"loc":{"start":{"line":273,"column":18},"end":{"line":273,"column":31}},"line":273},"69":{"name":"(anonymous_69)","decl":{"start":{"line":274,"column":21},"end":{"line":274,"column":22}},"loc":{"start":{"line":274,"column":28},"end":{"line":274,"column":72}},"line":274},"70":{"name":"(anonymous_70)","decl":{"start":{"line":278,"column":4},"end":{"line":278,"column":5}},"loc":{"start":{"line":278,"column":24},"end":{"line":285,"column":5}},"line":278},"71":{"name":"(anonymous_71)","decl":{"start":{"line":281,"column":19},"end":{"line":281,"column":20}},"loc":{"start":{"line":281,"column":26},"end":{"line":281,"column":59}},"line":281},"72":{"name":"(anonymous_72)","decl":{"start":{"line":282,"column":21},"end":{"line":282,"column":22}},"loc":{"start":{"line":282,"column":28},"end":{"line":282,"column":41}},"line":282},"73":{"name":"(anonymous_73)","decl":{"start":{"line":283,"column":22},"end":{"line":283,"column":23}},"loc":{"start":{"line":283,"column":29},"end":{"line":283,"column":82}},"line":283},"74":{"name":"(anonymous_74)","decl":{"start":{"line":284,"column":25},"end":{"line":284,"column":26}},"loc":{"start":{"line":284,"column":32},"end":{"line":284,"column":42}},"line":284},"75":{"name":"(anonymous_75)","decl":{"start":{"line":286,"column":4},"end":{"line":286,"column":5}},"loc":{"start":{"line":286,"column":16},"end":{"line":288,"column":5}},"line":286},"76":{"name":"(anonymous_76)","decl":{"start":{"line":292,"column":4},"end":{"line":292,"column":5}},"loc":{"start":{"line":292,"column":18},"end":{"line":298,"column":5}},"line":292},"77":{"name":"(anonymous_77)","decl":{"start":{"line":294,"column":19},"end":{"line":294,"column":20}},"loc":{"start":{"line":294,"column":26},"end":{"line":294,"column":30}},"line":294},"78":{"name":"(anonymous_78)","decl":{"start":{"line":295,"column":21},"end":{"line":295,"column":22}},"loc":{"start":{"line":295,"column":28},"end":{"line":295,"column":32}},"line":295},"79":{"name":"(anonymous_79)","decl":{"start":{"line":296,"column":22},"end":{"line":296,"column":23}},"loc":{"start":{"line":296,"column":29},"end":{"line":296,"column":33}},"line":296},"80":{"name":"(anonymous_80)","decl":{"start":{"line":297,"column":25},"end":{"line":297,"column":26}},"loc":{"start":{"line":297,"column":36},"end":{"line":297,"column":41}},"line":297},"81":{"name":"(anonymous_81)","decl":{"start":{"line":299,"column":4},"end":{"line":299,"column":5}},"loc":{"start":{"line":299,"column":16},"end":{"line":301,"column":5}},"line":299},"82":{"name":"(anonymous_82)","decl":{"start":{"line":307,"column":4},"end":{"line":307,"column":5}},"loc":{"start":{"line":307,"column":24},"end":{"line":309,"column":5}},"line":307},"83":{"name":"(anonymous_83)","decl":{"start":{"line":310,"column":4},"end":{"line":310,"column":5}},"loc":{"start":{"line":310,"column":16},"end":{"line":312,"column":5}},"line":310},"84":{"name":"(anonymous_84)","decl":{"start":{"line":314,"column":14},"end":{"line":314,"column":15}},"loc":{"start":{"line":314,"column":21},"end":{"line":314,"column":32}},"line":314},"85":{"name":"(anonymous_85)","decl":{"start":{"line":315,"column":15},"end":{"line":315,"column":16}},"loc":{"start":{"line":315,"column":22},"end":{"line":315,"column":34}},"line":315},"86":{"name":"(anonymous_86)","decl":{"start":{"line":316,"column":12},"end":{"line":316,"column":13}},"loc":{"start":{"line":316,"column":19},"end":{"line":316,"column":34}},"line":316},"87":{"name":"(anonymous_87)","decl":{"start":{"line":317,"column":22},"end":{"line":317,"column":23}},"loc":{"start":{"line":317,"column":31},"end":{"line":317,"column":105}},"line":317},"88":{"name":"(anonymous_88)","decl":{"start":{"line":321,"column":4},"end":{"line":321,"column":5}},"loc":{"start":{"line":321,"column":18},"end":{"line":328,"column":5}},"line":321},"89":{"name":"(anonymous_89)","decl":{"start":{"line":323,"column":19},"end":{"line":323,"column":20}},"loc":{"start":{"line":323,"column":26},"end":{"line":323,"column":30}},"line":323},"90":{"name":"(anonymous_90)","decl":{"start":{"line":324,"column":21},"end":{"line":324,"column":22}},"loc":{"start":{"line":324,"column":28},"end":{"line":324,"column":32}},"line":324},"91":{"name":"(anonymous_91)","decl":{"start":{"line":325,"column":22},"end":{"line":325,"column":23}},"loc":{"start":{"line":325,"column":29},"end":{"line":325,"column":33}},"line":325},"92":{"name":"(anonymous_92)","decl":{"start":{"line":326,"column":22},"end":{"line":326,"column":23}},"loc":{"start":{"line":326,"column":29},"end":{"line":326,"column":43}},"line":326},"93":{"name":"(anonymous_93)","decl":{"start":{"line":327,"column":25},"end":{"line":327,"column":26}},"loc":{"start":{"line":327,"column":36},"end":{"line":327,"column":41}},"line":327},"94":{"name":"(anonymous_94)","decl":{"start":{"line":330,"column":4},"end":{"line":330,"column":5}},"loc":{"start":{"line":330,"column":16},"end":{"line":332,"column":5}},"line":330},"95":{"name":"(anonymous_95)","decl":{"start":{"line":333,"column":4},"end":{"line":333,"column":5}},"loc":{"start":{"line":333,"column":22},"end":{"line":335,"column":5}},"line":333},"96":{"name":"(anonymous_96)","decl":{"start":{"line":340,"column":4},"end":{"line":340,"column":5}},"loc":{"start":{"line":340,"column":18},"end":{"line":348,"column":5}},"line":340},"97":{"name":"(anonymous_97)","decl":{"start":{"line":342,"column":19},"end":{"line":342,"column":20}},"loc":{"start":{"line":342,"column":26},"end":{"line":342,"column":50}},"line":342},"98":{"name":"(anonymous_98)","decl":{"start":{"line":343,"column":21},"end":{"line":343,"column":22}},"loc":{"start":{"line":343,"column":28},"end":{"line":343,"column":41}},"line":343},"99":{"name":"(anonymous_99)","decl":{"start":{"line":344,"column":22},"end":{"line":344,"column":23}},"loc":{"start":{"line":344,"column":29},"end":{"line":344,"column":83}},"line":344},"100":{"name":"(anonymous_100)","decl":{"start":{"line":345,"column":22},"end":{"line":345,"column":23}},"loc":{"start":{"line":345,"column":29},"end":{"line":345,"column":33}},"line":345},"101":{"name":"(anonymous_101)","decl":{"start":{"line":346,"column":30},"end":{"line":346,"column":31}},"loc":{"start":{"line":346,"column":37},"end":{"line":346,"column":47}},"line":346},"102":{"name":"(anonymous_102)","decl":{"start":{"line":347,"column":25},"end":{"line":347,"column":26}},"loc":{"start":{"line":347,"column":32},"end":{"line":347,"column":42}},"line":347}},"branchMap":{"0":{"loc":{"start":{"line":18,"column":21},"end":{"line":18,"column":83}},"type":"cond-expr","locations":[{"start":{"line":18,"column":44},"end":{"line":18,"column":73}},{"start":{"line":18,"column":76},"end":{"line":18,"column":83}}],"line":18},"1":{"loc":{"start":{"line":35,"column":26},"end":{"line":35,"column":94}},"type":"cond-expr","locations":[{"start":{"line":35,"column":50},"end":{"line":35,"column":66}},{"start":{"line":35,"column":69},"end":{"line":35,"column":94}}],"line":35},"2":{"loc":{"start":{"line":47,"column":15},"end":{"line":47,"column":94}},"type":"cond-expr","locations":[{"start":{"line":47,"column":37},"end":{"line":47,"column":72}},{"start":{"line":47,"column":75},"end":{"line":47,"column":94}}],"line":47},"3":{"loc":{"start":{"line":50,"column":25},"end":{"line":50,"column":112}},"type":"binary-expr","locations":[{"start":{"line":50,"column":25},"end":{"line":50,"column":94}},{"start":{"line":50,"column":98},"end":{"line":50,"column":112}}],"line":50},"4":{"loc":{"start":{"line":51,"column":15},"end":{"line":51,"column":82}},"type":"binary-expr","locations":[{"start":{"line":51,"column":16},"end":{"line":51,"column":17}},{"start":{"line":51,"column":21},"end":{"line":51,"column":39}},{"start":{"line":51,"column":45},"end":{"line":51,"column":46}},{"start":{"line":51,"column":50},"end":{"line":51,"column":81}}],"line":51},"5":{"loc":{"start":{"line":74,"column":31},"end":{"line":74,"column":52}},"type":"default-arg","locations":[{"start":{"line":74,"column":42},"end":{"line":74,"column":52}}],"line":74},"6":{"loc":{"start":{"line":129,"column":15},"end":{"line":129,"column":51}},"type":"cond-expr","locations":[{"start":{"line":129,"column":31},"end":{"line":129,"column":43}},{"start":{"line":129,"column":46},"end":{"line":129,"column":51}}],"line":129},"7":{"loc":{"start":{"line":148,"column":12},"end":{"line":150,"column":13}},"type":"if","locations":[{"start":{"line":148,"column":12},"end":{"line":150,"column":13}},{"start":{"line":148,"column":12},"end":{"line":150,"column":13}}],"line":148},"8":{"loc":{"start":{"line":152,"column":12},"end":{"line":154,"column":13}},"type":"if","locations":[{"start":{"line":152,"column":12},"end":{"line":154,"column":13}},{"start":{"line":152,"column":12},"end":{"line":154,"column":13}}],"line":152},"9":{"loc":{"start":{"line":175,"column":22},"end":{"line":183,"column":28}},"type":"binary-expr","locations":[{"start":{"line":175,"column":22},"end":{"line":183,"column":10}},{"start":{"line":183,"column":14},"end":{"line":183,"column":28}}],"line":175},"10":{"loc":{"start":{"line":176,"column":12},"end":{"line":181,"column":13}},"type":"if","locations":[{"start":{"line":176,"column":12},"end":{"line":181,"column":13}},{"start":{"line":176,"column":12},"end":{"line":181,"column":13}}],"line":176},"11":{"loc":{"start":{"line":179,"column":17},"end":{"line":181,"column":13}},"type":"if","locations":[{"start":{"line":179,"column":17},"end":{"line":181,"column":13}},{"start":{"line":179,"column":17},"end":{"line":181,"column":13}}],"line":179},"12":{"loc":{"start":{"line":179,"column":21},"end":{"line":179,"column":87}},"type":"binary-expr","locations":[{"start":{"line":179,"column":21},"end":{"line":179,"column":58}},{"start":{"line":179,"column":62},"end":{"line":179,"column":87}}],"line":179},"13":{"loc":{"start":{"line":198,"column":15},"end":{"line":198,"column":45}},"type":"cond-expr","locations":[{"start":{"line":198,"column":28},"end":{"line":198,"column":32}},{"start":{"line":198,"column":35},"end":{"line":198,"column":45}}],"line":198},"14":{"loc":{"start":{"line":208,"column":4},"end":{"line":210,"column":5}},"type":"if","locations":[{"start":{"line":208,"column":4},"end":{"line":210,"column":5}},{"start":{"line":208,"column":4},"end":{"line":210,"column":5}}],"line":208},"15":{"loc":{"start":{"line":221,"column":8},"end":{"line":223,"column":9}},"type":"if","locations":[{"start":{"line":221,"column":8},"end":{"line":223,"column":9}},{"start":{"line":221,"column":8},"end":{"line":223,"column":9}}],"line":221},"16":{"loc":{"start":{"line":224,"column":8},"end":{"line":226,"column":9}},"type":"if","locations":[{"start":{"line":224,"column":8},"end":{"line":226,"column":9}},{"start":{"line":224,"column":8},"end":{"line":226,"column":9}}],"line":224},"17":{"loc":{"start":{"line":242,"column":34},"end":{"line":242,"column":44}},"type":"default-arg","locations":[{"start":{"line":242,"column":42},"end":{"line":242,"column":44}}],"line":242},"18":{"loc":{"start":{"line":243,"column":8},"end":{"line":255,"column":9}},"type":"if","locations":[{"start":{"line":243,"column":8},"end":{"line":255,"column":9}},{"start":{"line":243,"column":8},"end":{"line":255,"column":9}}],"line":243},"19":{"loc":{"start":{"line":246,"column":34},"end":{"line":246,"column":69}},"type":"cond-expr","locations":[{"start":{"line":246,"column":53},"end":{"line":246,"column":64}},{"start":{"line":246,"column":67},"end":{"line":246,"column":69}}],"line":246},"20":{"loc":{"start":{"line":251,"column":12},"end":{"line":253,"column":13}},"type":"if","locations":[{"start":{"line":251,"column":12},"end":{"line":253,"column":13}},{"start":{"line":251,"column":12},"end":{"line":253,"column":13}}],"line":251},"21":{"loc":{"start":{"line":274,"column":28},"end":{"line":274,"column":72}},"type":"cond-expr","locations":[{"start":{"line":274,"column":41},"end":{"line":274,"column":54}},{"start":{"line":274,"column":57},"end":{"line":274,"column":72}}],"line":274},"22":{"loc":{"start":{"line":283,"column":48},"end":{"line":283,"column":81}},"type":"cond-expr","locations":[{"start":{"line":283,"column":64},"end":{"line":283,"column":74}},{"start":{"line":283,"column":77},"end":{"line":283,"column":81}}],"line":283},"23":{"loc":{"start":{"line":317,"column":31},"end":{"line":317,"column":105}},"type":"cond-expr","locations":[{"start":{"line":317,"column":69},"end":{"line":317,"column":86}},{"start":{"line":317,"column":89},"end":{"line":317,"column":105}}],"line":317},"24":{"loc":{"start":{"line":317,"column":32},"end":{"line":317,"column":65}},"type":"binary-expr","locations":[{"start":{"line":317,"column":32},"end":{"line":317,"column":44}},{"start":{"line":317,"column":48},"end":{"line":317,"column":65}}],"line":317},"25":{"loc":{"start":{"line":344,"column":49},"end":{"line":344,"column":82}},"type":"cond-expr","locations":[{"start":{"line":344,"column":65},"end":{"line":344,"column":75}},{"start":{"line":344,"column":78},"end":{"line":344,"column":82}}],"line":344}},"s":{"0":0,"1":0,"2":0,"3":0,"4":0,"5":0,"6":0,"7":0,"8":0,"9":0,"10":0,"11":0,"12":0,"13":0,"14":0,"15":0,"16":0,"17":0,"18":0,"19":0,"20":0,"21":0,"22":0,"23":0,"24":0,"25":0,"26":0,"27":0,"28":0,"29":0,"30":0,"31":0,"32":0,"33":0,"34":0,"35":0,"36":0,"37":0,"38":0,"39":0,"40":0,"41":0,"42":0,"43":0,"44":0,"45":0,"46":0,"47":0,"48":0,"49":0,"50":0,"51":0,"52":0,"53":0,"54":0,"55":0,"56":0,"57":0,"58":0,"59":0,"60":0,"61":0,"62":0,"63":0,"64":0,"65":0,"66":0,"67":0,"68":0,"69":0,"70":0,"71":0,"72":0,"73":0,"74":0,"75":0,"76":0,"77":0,"78":0,"79":0,"80":0,"81":0,"82":0,"83":0,"84":0,"85":0,"86":0,"87":0,"88":0,"89":0,"90":0,"91":0,"92":0,"93":0,"94":0,"95":0,"96":0,"97":0,"98":0,"99":0,"100":0,"101":0,"102":0,"103":0,"104":0,"105":0,"106":0,"107":0,"108":0,"109":0,"110":0,"111":0,"112":0,"113":0,"114":0,"115":0,"116":0,"117":0,"118":0,"119":0,"120":0,"121":0,"122":0,"123":0,"124":0,"125":0,"126":0,"127":0,"128":0,"129":0,"130":0,"131":0,"132":0,"133":0,"134":0,"135":0,"136":0,"137":0,"138":0,"139":0,"140":0,"141":0,"142":0,"143":0,"144":0,"145":0,"146":0,"147":0,"148":0,"149":0,"150":0,"151":0,"152":0,"153":0,"154":0,"155":0,"156":0,"157":0,"158":0,"159":0,"160":0,"161":0,"162":0,"163":0,"164":0,"165":0,"166":0,"167":0,"168":0,"169":0,"170":0,"171":0,"172":0,"173":0,"174":0,"175":0,"176":0},"f":{"0":0,"1":0,"2":0,"3":0,"4":0,"5":0,"6":0,"7":0,"8":0,"9":0,"10":0,"11":0,"12":0,"13":0,"14":0,"15":0,"16":0,"17":0,"18":0,"19":0,"20":0,"21":0,"22":0,"23":0,"24":0,"25":0,"26":0,"27":0,"28":0,"29":0,"30":0,"31":0,"32":0,"33":0,"34":0,"35":0,"36":0,"37":0,"38":0,"39":0,"40":0,"41":0,"42":0,"43":0,"44":0,"45":0,"46":0,"47":0,"48":0,"49":0,"50":0,"51":0,"52":0,"53":0,"54":0,"55":0,"56":0,"57":0,"58":0,"59":0,"60":0,"61":0,"62":0,"63":0,"64":0,"65":0,"66":0,"67":0,"68":0,"69":0,"70":0,"71":0,"72":0,"73":0,"74":0,"75":0,"76":0,"77":0,"78":0,"79":0,"80":0,"81":0,"82":0,"83":0,"84":0,"85":0,"86":0,"87":0,"88":0,"89":0,"90":0,"91":0,"92":0,"93":0,"94":0,"95":0,"96":0,"97":0,"98":0,"99":0,"100":0,"101":0,"102":0},"b":{"0":[0,0],"1":[0,0],"2":[0,0],"3":[0,0],"4":[0,0,0,0],"5":[0],"6":[0,0],"7":[0,0],"8":[0,0],"9":[0,0],"10":[0,0],"11":[0,0],"12":[0,0],"13":[0,0],"14":[0,0],"15":[0,0],"16":[0,0],"17":[0],"18":[0,0],"19":[0,0],"20":[0,0],"21":[0,0],"22":[0,0],"23":[0,0],"24":[0,0],"25":[0,0]}}
}
