TN:
SF:C:\dev\node\test\dist\MyUtils.js
FN:7,(anonymous_0)
FN:11,(anonymous_1)
FN:13,(anonymous_2)
FN:18,(anonymous_3)
FN:20,(anonymous_4)
FN:26,(anonymous_5)
FN:26,(anonymous_6)
FN:27,(anonymous_7)
FN:28,(anonymous_8)
FN:33,(anonymous_9)
FN:36,(anonymous_10)
FN:37,(anonymous_11)
FN:40,(anonymous_12)
FN:46,(anonymous_13)
FN:54,(anonymous_14)
FN:56,(anonymous_15)
FN:65,(anonymous_16)
FN:71,(anonymous_17)
FN:72,(anonymous_18)
FN:73,(anonymous_19)
FN:74,(anonymous_20)
FN:94,(anonymous_21)
FN:96,(anonymous_22)
FN:98,(anonymous_23)
FN:101,(anonymous_24)
FN:104,(anonymous_25)
FN:105,(anonymous_26)
FN:114,(anonymous_27)
FN:115,(anonymous_28)
FN:123,(anonymous_29)
FN:123,(anonymous_30)
FN:123,(anonymous_31)
FN:124,(anonymous_32)
FN:125,(anonymous_33)
FN:126,(anonymous_34)
FN:126,(anonymous_35)
FN:130,(anonymous_36)
FN:130,(anonymous_37)
FN:140,(anonymous_38)
FN:140,(anonymous_39)
FN:141,(anonymous_40)
FN:141,(anonymous_41)
FN:142,(anonymous_42)
FN:150,(anonymous_43)
FN:151,(anonymous_44)
FN:152,(anonymous_45)
FN:153,(anonymous_46)
FN:156,(anonymous_47)
FN:159,(anonymous_48)
FN:160,(anonymous_49)
FN:161,(anonymous_50)
FN:162,(anonymous_51)
FN:164,(anonymous_52)
FN:169,(anonymous_53)
FN:171,(anonymous_54)
FN:172,(anonymous_55)
FN:173,(anonymous_56)
FN:174,(anonymous_57)
FN:176,(anonymous_58)
FN:180,(anonymous_59)
FN:180,(anonymous_60)
FN:181,(anonymous_61)
FN:181,(anonymous_62)
FN:182,(anonymous_63)
FN:182,(anonymous_64)
FN:183,(anonymous_65)
FN:183,(anonymous_66)
FN:188,(anonymous_67)
FN:191,(anonymous_68)
FN:195,(anonymous_69)
FN:196,(anonymous_70)
FN:197,(anonymous_71)
FN:198,(anonymous_72)
FN:201,(anonymous_73)
FN:203,(anonymous_74)
FN:204,(anonymous_75)
FN:205,(anonymous_76)
FN:206,(anonymous_77)
FN:207,(anonymous_78)
FN:208,(anonymous_79)
FN:210,(anonymous_80)
FN:215,(anonymous_81)
FN:217,(anonymous_82)
FN:218,(anonymous_83)
FN:219,(anonymous_84)
FN:220,(anonymous_85)
FN:221,(anonymous_86)
FN:222,(anonymous_87)
FN:224,(anonymous_88)
FNF:89
FNH:0
FNDA:0,(anonymous_0)
FNDA:0,(anonymous_1)
FNDA:0,(anonymous_2)
FNDA:0,(anonymous_3)
FNDA:0,(anonymous_4)
FNDA:0,(anonymous_5)
FNDA:0,(anonymous_6)
FNDA:0,(anonymous_7)
FNDA:0,(anonymous_8)
FNDA:0,(anonymous_9)
FNDA:0,(anonymous_10)
FNDA:0,(anonymous_11)
FNDA:0,(anonymous_12)
FNDA:0,(anonymous_13)
FNDA:0,(anonymous_14)
FNDA:0,(anonymous_15)
FNDA:0,(anonymous_16)
FNDA:0,(anonymous_17)
FNDA:0,(anonymous_18)
FNDA:0,(anonymous_19)
FNDA:0,(anonymous_20)
FNDA:0,(anonymous_21)
FNDA:0,(anonymous_22)
FNDA:0,(anonymous_23)
FNDA:0,(anonymous_24)
FNDA:0,(anonymous_25)
FNDA:0,(anonymous_26)
FNDA:0,(anonymous_27)
FNDA:0,(anonymous_28)
FNDA:0,(anonymous_29)
FNDA:0,(anonymous_30)
FNDA:0,(anonymous_31)
FNDA:0,(anonymous_32)
FNDA:0,(anonymous_33)
FNDA:0,(anonymous_34)
FNDA:0,(anonymous_35)
FNDA:0,(anonymous_36)
FNDA:0,(anonymous_37)
FNDA:0,(anonymous_38)
FNDA:0,(anonymous_39)
FNDA:0,(anonymous_40)
FNDA:0,(anonymous_41)
FNDA:0,(anonymous_42)
FNDA:0,(anonymous_43)
FNDA:0,(anonymous_44)
FNDA:0,(anonymous_45)
FNDA:0,(anonymous_46)
FNDA:0,(anonymous_47)
FNDA:0,(anonymous_48)
FNDA:0,(anonymous_49)
FNDA:0,(anonymous_50)
FNDA:0,(anonymous_51)
FNDA:0,(anonymous_52)
FNDA:0,(anonymous_53)
FNDA:0,(anonymous_54)
FNDA:0,(anonymous_55)
FNDA:0,(anonymous_56)
FNDA:0,(anonymous_57)
FNDA:0,(anonymous_58)
FNDA:0,(anonymous_59)
FNDA:0,(anonymous_60)
FNDA:0,(anonymous_61)
FNDA:0,(anonymous_62)
FNDA:0,(anonymous_63)
FNDA:0,(anonymous_64)
FNDA:0,(anonymous_65)
FNDA:0,(anonymous_66)
FNDA:0,(anonymous_67)
FNDA:0,(anonymous_68)
FNDA:0,(anonymous_69)
FNDA:0,(anonymous_70)
FNDA:0,(anonymous_71)
FNDA:0,(anonymous_72)
FNDA:0,(anonymous_73)
FNDA:0,(anonymous_74)
FNDA:0,(anonymous_75)
FNDA:0,(anonymous_76)
FNDA:0,(anonymous_77)
FNDA:0,(anonymous_78)
FNDA:0,(anonymous_79)
FNDA:0,(anonymous_80)
FNDA:0,(anonymous_81)
FNDA:0,(anonymous_82)
FNDA:0,(anonymous_83)
FNDA:0,(anonymous_84)
FNDA:0,(anonymous_85)
FNDA:0,(anonymous_86)
FNDA:0,(anonymous_87)
FNDA:0,(anonymous_88)
DA:2,0
DA:8,0
DA:13,0
DA:14,0
DA:15,0
DA:16,0
DA:18,0
DA:20,0
DA:21,0
DA:22,0
DA:26,0
DA:27,0
DA:28,0
DA:30,0
DA:31,0
DA:32,0
DA:33,0
DA:34,0
DA:35,0
DA:36,0
DA:37,0
DA:38,0
DA:39,0
DA:40,0
DA:42,0
DA:43,0
DA:46,0
DA:47,0
DA:54,0
DA:55,0
DA:56,0
DA:57,0
DA:58,0
DA:62,0
DA:65,0
DA:66,0
DA:67,0
DA:69,0
DA:71,0
DA:72,0
DA:73,0
DA:74,0
DA:75,0
DA:76,0
DA:78,0
DA:79,0
DA:81,0
DA:83,0
DA:84,0
DA:85,0
DA:86,0
DA:87,0
DA:94,0
DA:96,0
DA:97,0
DA:98,0
DA:101,0
DA:102,0
DA:104,0
DA:105,0
DA:106,0
DA:107,0
DA:109,0
DA:110,0
DA:112,0
DA:114,0
DA:115,0
DA:117,0
DA:123,0
DA:124,0
DA:125,0
DA:126,0
DA:127,0
DA:128,0
DA:130,0
DA:131,0
DA:132,0
DA:135,0
DA:140,0
DA:141,0
DA:142,0
DA:143,0
DA:150,0
DA:151,0
DA:152,0
DA:153,0
DA:154,0
DA:157,0
DA:158,0
DA:159,0
DA:160,0
DA:161,0
DA:162,0
DA:165,0
DA:170,0
DA:171,0
DA:172,0
DA:173,0
DA:174,0
DA:177,0
DA:180,0
DA:181,0
DA:182,0
DA:183,0
DA:189,0
DA:192,0
DA:195,0
DA:196,0
DA:197,0
DA:198,0
DA:199,0
DA:202,0
DA:203,0
DA:204,0
DA:205,0
DA:206,0
DA:207,0
DA:208,0
DA:211,0
DA:216,0
DA:217,0
DA:218,0
DA:219,0
DA:220,0
DA:221,0
DA:222,0
DA:225,0
LF:127
LH:0
BRDA:8,0,0,0
BRDA:8,0,1,0
BRDA:15,1,0,0
BRDA:15,1,1,0
BRDA:54,2,0,0
BRDA:55,3,0,0
BRDA:55,3,1,0
BRDA:55,4,0,0
BRDA:55,4,1,0
BRDA:58,5,0,0
BRDA:58,5,1,0
BRDA:66,6,0,0
BRDA:66,6,1,0
BRDA:75,7,0,0
BRDA:75,7,1,0
BRDA:78,8,0,0
BRDA:78,8,1,0
BRDA:97,9,0,0
BRDA:97,9,1,0
BRDA:102,10,0,0
BRDA:102,10,1,0
BRDA:102,11,0,0
BRDA:102,11,1,0
BRDA:106,12,0,0
BRDA:106,12,1,0
BRDA:109,13,0,0
BRDA:109,13,1,0
BRDA:109,14,0,0
BRDA:109,14,1,0
BRDA:131,15,0,0
BRDA:131,15,1,0
BRDA:135,16,0,0
BRDA:135,16,1,0
BRDA:152,17,0,0
BRDA:152,17,1,0
BRDA:152,18,0,0
BRDA:152,18,1,0
BRDA:161,19,0,0
BRDA:161,19,1,0
BRDA:197,20,0,0
BRDA:197,20,1,0
BRDA:197,21,0,0
BRDA:197,21,1,0
BRDA:208,22,0,0
BRDA:208,22,1,0
BRF:45
BRH:0
end_of_record
TN:
SF:C:\dev\node\test\dist\Schema-1.js
FN:29,(anonymous_0)
FN:34,(anonymous_1)
FNF:2
FNH:0
FNDA:0,(anonymous_0)
FNDA:0,(anonymous_1)
DA:2,0
DA:4,0
DA:5,0
DA:6,0
DA:7,0
DA:26,0
DA:29,0
DA:30,0
DA:31,0
DA:32,0
DA:37,0
LF:11
LH:0
BRF:0
BRH:0
end_of_record
TN:
SF:C:\dev\node\test\dist\libUtils.js
FN:13,(anonymous_0)
FN:17,(anonymous_1)
FN:26,(anonymous_2)
FN:31,(anonymous_3)
FN:32,(anonymous_4)
FN:34,(anonymous_5)
FN:35,(anonymous_6)
FN:37,(anonymous_7)
FN:38,(anonymous_8)
FN:40,(anonymous_9)
FN:43,(anonymous_10)
FN:46,(anonymous_11)
FN:47,(anonymous_12)
FN:49,(anonymous_13)
FN:56,(anonymous_14)
FN:64,(anonymous_15)
FN:65,(anonymous_16)
FN:74,(anonymous_17)
FN:75,(anonymous_18)
FN:76,(anonymous_19)
FN:78,(anonymous_20)
FN:78,(anonymous_21)
FN:79,(anonymous_22)
FN:79,(anonymous_23)
FN:82,(anonymous_24)
FN:87,(anonymous_25)
FN:88,(anonymous_26)
FN:89,(anonymous_27)
FN:92,(anonymous_28)
FN:93,(anonymous_29)
FN:101,(anonymous_30)
FN:102,(anonymous_31)
FN:102,(anonymous_32)
FN:113,(anonymous_33)
FN:114,(anonymous_34)
FN:120,(anonymous_35)
FN:128,(anonymous_36)
FN:132,(anonymous_37)
FN:133,(anonymous_38)
FN:135,(anonymous_39)
FN:136,(anonymous_40)
FN:138,(anonymous_41)
FN:139,(anonymous_42)
FN:142,(anonymous_43)
FN:146,(anonymous_44)
FN:147,(anonymous_45)
FN:159,(anonymous_46)
FN:160,(anonymous_47)
FN:173,(anonymous_48)
FN:174,(anonymous_49)
FN:175,(anonymous_50)
FN:194,(anonymous_51)
FN:195,(anonymous_52)
FN:197,(anonymous_53)
FN:197,(anonymous_54)
FN:207,(anonymous_55)
FN:219,(anonymous_56)
FN:220,(anonymous_57)
FN:229,(anonymous_58)
FN:241,(anonymous_59)
FN:242,(anonymous_60)
FN:244,(anonymous_61)
FN:257,(anonymous_62)
FN:261,(anonymous_63)
FN:262,(anonymous_64)
FN:263,(anonymous_65)
FN:271,(anonymous_66)
FN:272,(anonymous_67)
FN:273,(anonymous_68)
FN:274,(anonymous_69)
FN:278,(anonymous_70)
FN:281,(anonymous_71)
FN:282,(anonymous_72)
FN:283,(anonymous_73)
FN:284,(anonymous_74)
FN:286,(anonymous_75)
FN:292,(anonymous_76)
FN:294,(anonymous_77)
FN:295,(anonymous_78)
FN:296,(anonymous_79)
FN:297,(anonymous_80)
FN:299,(anonymous_81)
FN:307,(anonymous_82)
FN:310,(anonymous_83)
FN:314,(anonymous_84)
FN:315,(anonymous_85)
FN:316,(anonymous_86)
FN:317,(anonymous_87)
FN:321,(anonymous_88)
FN:323,(anonymous_89)
FN:324,(anonymous_90)
FN:325,(anonymous_91)
FN:326,(anonymous_92)
FN:327,(anonymous_93)
FN:330,(anonymous_94)
FN:333,(anonymous_95)
FN:340,(anonymous_96)
FN:342,(anonymous_97)
FN:343,(anonymous_98)
FN:344,(anonymous_99)
FN:345,(anonymous_100)
FN:346,(anonymous_101)
FN:347,(anonymous_102)
FNF:103
FNH:0
FNDA:0,(anonymous_0)
FNDA:0,(anonymous_1)
FNDA:0,(anonymous_2)
FNDA:0,(anonymous_3)
FNDA:0,(anonymous_4)
FNDA:0,(anonymous_5)
FNDA:0,(anonymous_6)
FNDA:0,(anonymous_7)
FNDA:0,(anonymous_8)
FNDA:0,(anonymous_9)
FNDA:0,(anonymous_10)
FNDA:0,(anonymous_11)
FNDA:0,(anonymous_12)
FNDA:0,(anonymous_13)
FNDA:0,(anonymous_14)
FNDA:0,(anonymous_15)
FNDA:0,(anonymous_16)
FNDA:0,(anonymous_17)
FNDA:0,(anonymous_18)
FNDA:0,(anonymous_19)
FNDA:0,(anonymous_20)
FNDA:0,(anonymous_21)
FNDA:0,(anonymous_22)
FNDA:0,(anonymous_23)
FNDA:0,(anonymous_24)
FNDA:0,(anonymous_25)
FNDA:0,(anonymous_26)
FNDA:0,(anonymous_27)
FNDA:0,(anonymous_28)
FNDA:0,(anonymous_29)
FNDA:0,(anonymous_30)
FNDA:0,(anonymous_31)
FNDA:0,(anonymous_32)
FNDA:0,(anonymous_33)
FNDA:0,(anonymous_34)
FNDA:0,(anonymous_35)
FNDA:0,(anonymous_36)
FNDA:0,(anonymous_37)
FNDA:0,(anonymous_38)
FNDA:0,(anonymous_39)
FNDA:0,(anonymous_40)
FNDA:0,(anonymous_41)
FNDA:0,(anonymous_42)
FNDA:0,(anonymous_43)
FNDA:0,(anonymous_44)
FNDA:0,(anonymous_45)
FNDA:0,(anonymous_46)
FNDA:0,(anonymous_47)
FNDA:0,(anonymous_48)
FNDA:0,(anonymous_49)
FNDA:0,(anonymous_50)
FNDA:0,(anonymous_51)
FNDA:0,(anonymous_52)
FNDA:0,(anonymous_53)
FNDA:0,(anonymous_54)
FNDA:0,(anonymous_55)
FNDA:0,(anonymous_56)
FNDA:0,(anonymous_57)
FNDA:0,(anonymous_58)
FNDA:0,(anonymous_59)
FNDA:0,(anonymous_60)
FNDA:0,(anonymous_61)
FNDA:0,(anonymous_62)
FNDA:0,(anonymous_63)
FNDA:0,(anonymous_64)
FNDA:0,(anonymous_65)
FNDA:0,(anonymous_66)
FNDA:0,(anonymous_67)
FNDA:0,(anonymous_68)
FNDA:0,(anonymous_69)
FNDA:0,(anonymous_70)
FNDA:0,(anonymous_71)
FNDA:0,(anonymous_72)
FNDA:0,(anonymous_73)
FNDA:0,(anonymous_74)
FNDA:0,(anonymous_75)
FNDA:0,(anonymous_76)
FNDA:0,(anonymous_77)
FNDA:0,(anonymous_78)
FNDA:0,(anonymous_79)
FNDA:0,(anonymous_80)
FNDA:0,(anonymous_81)
FNDA:0,(anonymous_82)
FNDA:0,(anonymous_83)
FNDA:0,(anonymous_84)
FNDA:0,(anonymous_85)
FNDA:0,(anonymous_86)
FNDA:0,(anonymous_87)
FNDA:0,(anonymous_88)
FNDA:0,(anonymous_89)
FNDA:0,(anonymous_90)
FNDA:0,(anonymous_91)
FNDA:0,(anonymous_92)
FNDA:0,(anonymous_93)
FNDA:0,(anonymous_94)
FNDA:0,(anonymous_95)
FNDA:0,(anonymous_96)
FNDA:0,(anonymous_97)
FNDA:0,(anonymous_98)
FNDA:0,(anonymous_99)
FNDA:0,(anonymous_100)
FNDA:0,(anonymous_101)
FNDA:0,(anonymous_102)
DA:3,0
DA:13,0
DA:17,0
DA:18,0
DA:19,0
DA:26,0
DA:32,0
DA:35,0
DA:38,0
DA:41,0
DA:44,0
DA:47,0
DA:50,0
DA:51,0
DA:57,0
DA:65,0
DA:75,0
DA:76,0
DA:77,0
DA:78,0
DA:79,0
DA:80,0
DA:83,0
DA:88,0
DA:89,0
DA:93,0
DA:102,0
DA:114,0
DA:121,0
DA:129,0
DA:133,0
DA:136,0
DA:139,0
DA:143,0
DA:147,0
DA:148,0
DA:149,0
DA:151,0
DA:152,0
DA:153,0
DA:155,0
DA:160,0
DA:161,0
DA:162,0
DA:166,0
DA:173,0
DA:174,0
DA:175,0
DA:176,0
DA:177,0
DA:179,0
DA:180,0
DA:182,0
DA:184,0
DA:194,0
DA:195,0
DA:196,0
DA:197,0
DA:198,0
DA:207,0
DA:208,0
DA:209,0
DA:211,0
DA:219,0
DA:220,0
DA:221,0
DA:222,0
DA:224,0
DA:225,0
DA:227,0
DA:229,0
DA:230,0
DA:231,0
DA:232,0
DA:241,0
DA:242,0
DA:243,0
DA:244,0
DA:245,0
DA:246,0
DA:247,0
DA:251,0
DA:252,0
DA:254,0
DA:257,0
DA:258,0
DA:261,0
DA:262,0
DA:263,0
DA:271,0
DA:272,0
DA:273,0
DA:274,0
DA:275,0
DA:279,0
DA:280,0
DA:281,0
DA:282,0
DA:283,0
DA:284,0
DA:287,0
DA:293,0
DA:294,0
DA:295,0
DA:296,0
DA:297,0
DA:300,0
DA:308,0
DA:311,0
DA:314,0
DA:315,0
DA:316,0
DA:317,0
DA:318,0
DA:322,0
DA:323,0
DA:324,0
DA:325,0
DA:326,0
DA:327,0
DA:331,0
DA:334,0
DA:341,0
DA:342,0
DA:343,0
DA:344,0
DA:345,0
DA:346,0
DA:347,0
LF:129
LH:0
BRDA:18,0,0,0
BRDA:18,0,1,0
BRDA:35,1,0,0
BRDA:35,1,1,0
BRDA:47,2,0,0
BRDA:47,2,1,0
BRDA:50,3,0,0
BRDA:50,3,1,0
BRDA:51,4,0,0
BRDA:51,4,1,0
BRDA:51,4,2,0
BRDA:51,4,3,0
BRDA:74,5,0,0
BRDA:129,6,0,0
BRDA:129,6,1,0
BRDA:148,7,0,0
BRDA:148,7,1,0
BRDA:152,8,0,0
BRDA:152,8,1,0
BRDA:175,9,0,0
BRDA:175,9,1,0
BRDA:176,10,0,0
BRDA:176,10,1,0
BRDA:179,11,0,0
BRDA:179,11,1,0
BRDA:179,12,0,0
BRDA:179,12,1,0
BRDA:198,13,0,0
BRDA:198,13,1,0
BRDA:208,14,0,0
BRDA:208,14,1,0
BRDA:221,15,0,0
BRDA:221,15,1,0
BRDA:224,16,0,0
BRDA:224,16,1,0
BRDA:242,17,0,0
BRDA:243,18,0,0
BRDA:243,18,1,0
BRDA:246,19,0,0
BRDA:246,19,1,0
BRDA:251,20,0,0
BRDA:251,20,1,0
BRDA:274,21,0,0
BRDA:274,21,1,0
BRDA:283,22,0,0
BRDA:283,22,1,0
BRDA:317,23,0,0
BRDA:317,23,1,0
BRDA:317,24,0,0
BRDA:317,24,1,0
BRDA:344,25,0,0
BRDA:344,25,1,0
BRF:52
BRH:0
end_of_record
